1	mr.	mr.	NNP	NNP	-	2	NMOD	-	-
2	mitchell	mitchell	NNP	NNP	-	0	ROOT	-	-
3	.	.	.	.	-	2	P	-	-

1	mr.	mr.	NNP	NNP	-	2	NMOD	-	-
2	president	president	NNP	NNP	-	17	VMOD	-	-
3	,	,	,	,	-	17	P	-	-
4	following	following	VBG	VBG	-	17	VMOD	-	-
5	the	the	DT	DT	-	6	NMOD	-	-
6	conclusion	conclusion	NN	NN	-	14	NMOD	-	-
7	of	of	IN	IN	-	6	NMOD	-	-
8	morning	morning	NN	NN	-	9	NMOD	-	-
9	business	business	NN	NN	-	7	PMOD	-	-
10	at	at	IN	IN	-	6	NMOD	-	-
11	<num>	<num>	CD	CD	-	10	PMOD	-	-
12	:	:	:	:	-	14	P	-	-
13	<num>	<num>	CD	CD	-	14	NMOD	-	-
14	p.m.	p.m.	NN	NN	-	4	PMOD	-	-
15	,	,	,	,	-	17	P	-	-
16	i	i	PRP	PRP	-	17	SUB	-	-
17	will	will	MD	MD	-	0	ROOT	-	-
18	seek	seek	VB	VB	-	17	VC	-	-
19	unanimous	unanimous	JJ	JJ	-	20	NMOD	-	-
20	consent	consent	NN	NN	-	18	OBJ	-	-
21	to	to	TO	TO	-	22	VMOD	-	-
22	proceed	proceed	VB	VB	-	20	NMOD	-	-
23	to	to	TO	TO	-	22	VMOD	-	-
24	the	the	DT	DT	-	25	NMOD	-	-
25	consideration	consideration	NN	NN	-	23	PMOD	-	-
26	of	of	IN	IN	-	25	NMOD	-	-
27	calendar	calendar	NN	NN	-	28	NMOD	-	-
28	item	item	NN	NN	-	26	PMOD	-	-
29	no	no	UH	UH	-	23	PMOD	-	-
30	.	.	.	.	-	17	P	-	-

1	<num>	<num>	CD	CD	-	4	SUB	-	-
2	,	,	,	,	-	4	P	-	-
3	that	that	IN	IN	-	4	SUB	-	-
4	is	is	VBZ	VBZ	-	0	ROOT	-	-
5	s.	s.	NNP	NNP	-	11	NMOD	-	-
6	<num>	<num>	CD	CD	-	5	NMOD	-	-
7	,	,	,	,	-	11	P	-	-
8	the	the	DT	DT	-	11	NMOD	-	-
9	clean	clean	JJ	JJ	-	11	NMOD	-	-
10	air	air	NN	NN	-	11	NMOD	-	-
11	legislation	legislation	NN	NN	-	4	SUB	-	-
12	.	.	.	.	-	4	P	-	-

1	the	the	DT	DT	-	5	NMOD	-	-
2	senate	senate	NNP	NNP	-	5	NMOD	-	-
3	agenda	agenda	NNP	NNP	-	5	NMOD	-	-
4	mr.	mr.	NNP	NNP	-	5	NMOD	-	-
5	mitchell	mitchell	NNP	NNP	-	0	ROOT	-	-
6	.	.	.	.	-	5	P	-	-

1	mr.	mr.	NNP	NNP	-	2	NMOD	-	-
2	president	president	NNP	NNP	-	5	SUB	-	-
3	,	,	,	,	-	5	P	-	-
4	we	we	PRP	PRP	-	5	SUB	-	-
5	begin	begin	VBP	VBP	-	0	ROOT	-	-
6	this	this	DT	DT	-	7	NMOD	-	-
7	session	session	NN	NN	-	5	OBJ	-	-
8	with	with	IN	IN	-	5	VMOD	-	-
9	the	the	DT	DT	-	12	NMOD	-	-
10	clean	clean	NNP	NNP	-	12	NMOD	-	-
11	air	air	NNP	NNP	-	12	NMOD	-	-
12	act	act	NNP	NNP	-	8	PMOD	-	-
13	.	.	.	.	-	5	P	-	-

1	this	this	DT	DT	-	2	SUB	-	-
2	is	is	VBZ	VBZ	-	0	ROOT	-	-
3	critical	critical	JJ	JJ	-	4	NMOD	-	-
4	legislation	legislation	NN	NN	-	2	PRD	-	-
5	.	.	.	.	-	2	P	-	-

1	it	it	PRP	PRP	-	2	SUB	-	-
2	has	has	VBZ	VBZ	-	0	ROOT	-	-
3	been	been	VBN	VBN	-	2	VC	-	-
4	over	over	IN	IN	-	3	VMOD	-	-
5	<num>	<num>	CD	CD	-	6	NMOD	-	-
6	years	years	NNS	NNS	-	4	PMOD	-	-
7	since	since	IN	IN	-	3	VMOD	-	-
8	the	the	DT	DT	-	11	NMOD	-	-
9	clean	clean	NNP	NNP	-	11	NMOD	-	-
10	air	air	NNP	NNP	-	11	NMOD	-	-
11	act	act	NNP	NNP	-	12	SUB	-	-
12	was	was	VBD	VBD	-	7	SBAR	-	-
13	last	last	JJ	JJ	-	12	PRD	-	-
14	debated	debated	VBN	VBN	-	12	VMOD	-	-
15	in	in	IN	IN	-	14	VMOD	-	-
16	the	the	DT	DT	-	17	NMOD	-	-
17	senate	senate	NNP	NNP	-	15	PMOD	-	-
18	.	.	.	.	-	2	P	-	-

1	since	since	IN	IN	-	6	VMOD	-	-
2	then	then	RB	RB	-	1	PMOD	-	-
3	,	,	,	,	-	6	P	-	-
4	our	our	PRP$	PRP$	-	5	NMOD	-	-
5	population	population	NN	NN	-	6	SUB	-	-
6	has	has	VBZ	VBZ	-	0	ROOT	-	-
7	grown	grown	VBN	VBN	-	6	VC	-	-
8	,	,	,	,	-	11	P	-	-
9	automobile	automobile	NN	NN	-	10	NMOD	-	-
10	use	use	NN	NN	-	11	SUB	-	-
11	increased	increased	VBN	VBN	-	16	VMOD	-	-
12	,	,	,	,	-	16	P	-	-
13	and	and	CC	CC	-	16	VMOD	-	-
14	the	the	DT	DT	-	15	NMOD	-	-
15	economy	economy	NN	NN	-	16	SUB	-	-
16	expanded	expanded	VBD	VBD	-	7	VMOD	-	-
17	,	,	,	,	-	16	P	-	-
18	with	with	IN	IN	-	16	VMOD	-	-
19	the	the	DT	DT	-	21	NMOD	-	-
20	accompanying	accompanying	JJ	JJ	-	21	NMOD	-	-
21	increases	increases	NNS	NNS	-	18	PMOD	-	-
22	in	in	IN	IN	-	21	NMOD	-	-
23	production	production	NN	NN	-	24	NMOD	-	-
24	facilities	facilities	NNS	NNS	-	34	NMOD	-	-
25	,	,	,	,	-	34	P	-	-
26	energy	energy	NN	NN	-	27	NMOD	-	-
27	use	use	NN	NN	-	34	NMOD	-	-
28	,	,	,	,	-	34	P	-	-
29	congestion	congestion	NN	NN	-	34	NMOD	-	-
30	,	,	,	,	-	34	P	-	-
31	and	and	CC	CC	-	34	NMOD	-	-
32	inevitably	inevitably	RB	RB	-	34	NMOD	-	-
33	,	,	,	,	-	32	P	-	-
34	pollution	pollution	NN	NN	-	22	PMOD	-	-
35	.	.	.	.	-	6	P	-	-

1	these	these	DT	DT	-	2	NMOD	-	-
2	factors	factors	NNS	NNS	-	3	SUB	-	-
3	have	have	VBP	VBP	-	0	ROOT	-	-
4	overwhelmed	overwhelmed	VBN	VBN	-	3	VC	-	-
5	our	our	PRP$	PRP$	-	6	NMOD	-	-
6	efforts	efforts	NNS	NNS	-	4	OBJ	-	-
7	to	to	TO	TO	-	8	VMOD	-	-
8	improve	improve	VB	VB	-	6	NMOD	-	-
9	air	air	NN	NN	-	10	NMOD	-	-
10	quality	quality	NN	NN	-	8	OBJ	-	-
11	in	in	IN	IN	-	4	VMOD	-	-
12	the	the	DT	DT	-	13	NMOD	-	-
13	places	places	NNS	NNS	-	11	PMOD	-	-
14	where	where	WRB	WRB	-	13	NMOD	-	-
15	the	the	DT	DT	-	16	NMOD	-	-
16	majority	majority	NN	NN	-	19	SUB	-	-
17	of	of	IN	IN	-	16	NMOD	-	-
18	americans	americans	NNPS	NNPS	-	17	PMOD	-	-
19	live	live	VBP	VBP	-	14	SBAR	-	-
20	and	and	CC	CC	-	19	VMOD	-	-
21	work	work	NN	NN	-	19	OBJ	-	-
22	.	.	.	.	-	3	P	-	-

1	today	today	NN	NN	-	9	VMOD	-	-
2	,	,	,	,	-	9	P	-	-
3	more	more	JJR	JJR	-	4	AMOD	-	-
4	than	than	IN	IN	-	8	NMOD	-	-
5	half	half	PDT	PDT	-	4	AMOD	-	-
6	the	the	DT	DT	-	8	NMOD	-	-
7	american	american	JJ	JJ	-	8	NMOD	-	-
8	people	people	NNS	NNS	-	9	SUB	-	-
9	are	are	VBP	VBP	-	0	ROOT	-	-
10	forced	forced	VBN	VBN	-	9	VC	-	-
11	to	to	TO	TO	-	12	VMOD	-	-
12	breathe	breathe	VB	VB	-	10	VMOD	-	-
13	air	air	NN	NN	-	12	OBJ	-	-
14	that	that	WDT	WDT	-	13	NMOD	-	-
15	does	does	VBZ	VBZ	-	14	SBAR	-	-
16	not	not	RB	RB	-	15	VMOD	-	-
17	meet	meet	VB	VB	-	15	VC	-	-
18	national	national	JJ	JJ	-	20	NMOD	-	-
19	health	health	NN	NN	-	20	NMOD	-	-
20	standards	standards	NNS	NNS	-	17	OBJ	-	-
21	.	.	.	.	-	9	P	-	-

1	this	this	DT	DT	-	2	SUB	-	-
2	will	will	MD	MD	-	0	ROOT	-	-
3	be	be	VB	VB	-	2	VC	-	-
4	a	a	DT	DT	-	6	NMOD	-	-
5	substantive	substantive	JJ	JJ	-	6	NMOD	-	-
6	debate	debate	NN	NN	-	15	NMOD	-	-
7	and	and	CC	CC	-	6	DEP	-	-
8	,	,	,	,	-	6	P	-	-
9	on	on	IN	IN	-	6	DEP	-	-
10	some	some	DT	DT	-	11	NMOD	-	-
11	issues	issues	NNS	NNS	-	9	PMOD	-	-
12	,	,	,	,	-	15	P	-	-
13	a	a	DT	DT	-	15	NMOD	-	-
14	controversial	controversial	JJ	JJ	-	15	NMOD	-	-
15	one	one	CD	CD	-	3	PRD	-	-
16	.	.	.	.	-	2	P	-	-

1	air	air	NNP	NNP	-	3	NMOD	-	-
2	quality	quality	NN	NN	-	3	NMOD	-	-
3	issues	issues	NNS	NNS	-	4	SUB	-	-
4	vary	vary	VBP	VBP	-	0	ROOT	-	-
5	by	by	IN	IN	-	4	VMOD	-	-
6	region	region	NN	NN	-	5	PMOD	-	-
7	.	.	.	.	-	4	P	-	-

1	some	some	DT	DT	-	2	NMOD	-	-
2	regions	regions	NNS	NNS	-	3	SUB	-	-
3	are	are	VBP	VBP	-	31	VMOD	-	-
4	at	at	IN	IN	-	3	PRD	-	-
5	significantly	significantly	RB	RB	-	6	AMOD	-	-
6	greater	greater	JJR	JJR	-	7	NMOD	-	-
7	risk	risk	NN	NN	-	4	PMOD	-	-
8	from	from	IN	IN	-	7	NMOD	-	-
9	the	the	DT	DT	-	10	NMOD	-	-
10	effects	effects	NNS	NNS	-	8	PMOD	-	-
11	of	of	IN	IN	-	10	NMOD	-	-
12	acid	acid	JJ	JJ	-	13	NMOD	-	-
13	rain	rain	NN	NN	-	11	PMOD	-	-
14	;	;	:	:	-	31	P	-	-
15	some	some	DT	DT	-	17	NMOD	-	-
16	rural	rural	JJ	JJ	-	17	NMOD	-	-
17	areas	areas	NNS	NNS	-	18	SUB	-	-
18	do	do	VBP	VBP	-	31	VMOD	-	-
19	not	not	RB	RB	-	18	VMOD	-	-
20	suffer	suffer	VB	VB	-	18	VC	-	-
21	as	as	IN	IN	-	22	NMOD	-	-
22	much	much	RB	RB	-	20	OBJ	-	-
23	from	from	IN	IN	-	20	VMOD	-	-
24	ozone	ozone	NN	NN	-	23	PMOD	-	-
25	as	as	IN	IN	-	20	VMOD	-	-
26	cities	cities	NNS	NNS	-	25	PMOD	-	-
27	;	;	:	:	-	31	P	-	-
28	congested	congested	VBN	VBN	-	30	NMOD	-	-
29	urban	urban	JJ	JJ	-	30	NMOD	-	-
30	areas	areas	NNS	NNS	-	31	SUB	-	-
31	are	are	VBP	VBP	-	0	ROOT	-	-
32	seeing	seeing	VBG	VBG	-	31	VC	-	-
33	a	a	DT	DT	-	35	NMOD	-	-
34	further	further	JJ	JJ	-	35	NMOD	-	-
35	degradation	degradation	NN	NN	-	32	OBJ	-	-
36	in	in	IN	IN	-	35	NMOD	-	-
37	air	air	NN	NN	-	38	NMOD	-	-
38	quality	quality	NN	NN	-	36	PMOD	-	-
39	.	.	.	.	-	31	P	-	-

1	i	i	PRP	PRP	-	2	SUB	-	-
2	welcome	welcome	VBP	VBP	-	0	ROOT	-	-
3	the	the	DT	DT	-	5	NMOD	-	-
4	president	president	NNP	NNP	-	5	NMOD	-	-
5	's	's	POS	POS	-	7	NMOD	-	-
6	strong	strong	JJ	JJ	-	7	NMOD	-	-
7	call	call	NN	NN	-	2	OBJ	-	-
8	for	for	IN	IN	-	7	NMOD	-	-
9	action	action	NN	NN	-	8	PMOD	-	-
10	on	on	IN	IN	-	9	NMOD	-	-
11	a	a	DT	DT	-	14	NMOD	-	-
12	clean	clean	NNP	NNP	-	14	NMOD	-	-
13	air	air	NNP	NNP	-	14	NMOD	-	-
14	act	act	NNP	NNP	-	10	PMOD	-	-
15	.	.	.	.	-	2	P	-	-

1	i	i	PRP	PRP	-	2	SUB	-	-
2	commend	commend	VBP	VBP	-	0	ROOT	-	-
3	him	him	PRP	PRP	-	2	OBJ	-	-
4	for	for	IN	IN	-	2	VMOD	-	-
5	it	it	PRP	PRP	-	4	PMOD	-	-
6	.	.	.	.	-	2	P	-	-

1	it	it	PRP	PRP	-	2	SUB	-	-
2	is	is	VBZ	VBZ	-	0	ROOT	-	-
3	my	my	PRP$	PRP$	-	4	NMOD	-	-
4	intention	intention	NN	NN	-	2	PRD	-	-
5	that	that	IN	IN	-	4	NMOD	-	-
6	the	the	DT	DT	-	7	NMOD	-	-
7	senate	senate	NNP	NNP	-	8	SUB	-	-
8	give	give	VBP	VBP	-	5	SBAR	-	-
9	him	him	PRP	PRP	-	8	OBJ	-	-
10	a	a	DT	DT	-	14	NMOD	-	-
11	strong	strong	JJ	JJ	-	14	NMOD	-	-
12	clean	clean	NNP	NNP	-	14	NMOD	-	-
13	air	air	NNP	NNP	-	14	NMOD	-	-
14	act	act	NNP	NNP	-	9	OBJ	-	-
15	.	.	.	.	-	2	P	-	-

1	there	there	EX	EX	-	2	SUB	-	-
2	are	are	VBP	VBP	-	0	ROOT	-	-
3	many	many	JJ	JJ	-	4	NMOD	-	-
4	aspects	aspects	NNS	NNS	-	2	PRD	-	-
5	to	to	TO	TO	-	4	NMOD	-	-
6	this	this	DT	DT	-	7	NMOD	-	-
7	issue	issue	NN	NN	-	5	PMOD	-	-
8	.	.	.	.	-	2	P	-	-

1	one	one	CD	CD	-	2	NMOD	-	-
2	overrides	overrides	NNS	NNS	-	0	ROOT	-	-
3	all	all	DT	DT	-	4	NMOD	-	-
4	others	others	NNS	NNS	-	2	NMOD	-	-
5	.	.	.	.	-	2	P	-	-

1	we	we	PRP	PRP	-	2	SUB	-	-
2	must	must	MD	MD	-	0	ROOT	-	-
3	protect	protect	VB	VB	-	2	VC	-	-
4	the	the	DT	DT	-	5	NMOD	-	-
5	health	health	NN	NN	-	3	OBJ	-	-
6	of	of	IN	IN	-	5	NMOD	-	-
7	americans	americans	NNPS	NNPS	-	6	PMOD	-	-
8	.	.	.	.	-	2	P	-	-

1	we	we	PRP	PRP	-	2	SUB	-	-
2	will	will	MD	MD	-	0	ROOT	-	-
3	,	,	,	,	-	2	P	-	-
4	as	as	IN	IN	-	2	VMOD	-	-
5	we	we	PRP	PRP	-	6	SUB	-	-
6	should	should	MD	MD	-	4	SBAR	-	-
7	,	,	,	,	-	6	P	-	-
8	debate	debate	VB	VB	-	6	VC	-	-
9	the	the	DT	DT	-	10	NMOD	-	-
10	costs	costs	NNS	NNS	-	8	OBJ	-	-
11	of	of	IN	IN	-	10	NMOD	-	-
12	this	this	DT	DT	-	13	NMOD	-	-
13	bill	bill	NN	NN	-	11	PMOD	-	-
14	.	.	.	.	-	2	P	-	-

1	in	in	IN	IN	-	6	VMOD	-	-
2	that	that	DT	DT	-	3	NMOD	-	-
3	regard	regard	NN	NN	-	1	PMOD	-	-
4	,	,	,	,	-	6	P	-	-
5	i	i	PRP	PRP	-	6	SUB	-	-
6	emphasize	emphasize	VBP	VBP	-	0	ROOT	-	-
7	two	two	CD	CD	-	8	NMOD	-	-
8	points	points	NNS	NNS	-	6	OBJ	-	-
9	.	.	.	.	-	6	P	-	-

1	first	first	RB	RB	-	13	VMOD	-	-
2	,	,	,	,	-	13	P	-	-
3	if	if	IN	IN	-	13	VMOD	-	-
4	measured	measured	VBN	VBN	-	3	SBAR	-	-
5	solely	solely	RB	RB	-	6	PMOD	-	-
6	in	in	IN	IN	-	4	VMOD	-	-
7	dollars	dollars	NNS	NNS	-	9	NMOD	-	-
8	and	and	CC	CC	-	9	NMOD	-	-
9	cents	cents	NNS	NNS	-	6	PMOD	-	-
10	,	,	,	,	-	13	P	-	-
11	this	this	DT	DT	-	12	NMOD	-	-
12	bill	bill	NN	NN	-	13	SUB	-	-
13	should	should	MD	MD	-	0	ROOT	-	-
14	pass	pass	VB	VB	-	13	VC	-	-
15	because	because	IN	IN	-	14	VMOD	-	-
16	the	the	DT	DT	-	17	NMOD	-	-
17	cost	cost	NN	NN	-	20	SUB	-	-
18	of	of	IN	IN	-	17	NMOD	-	-
19	inaction	inaction	NN	NN	-	18	PMOD	-	-
20	is	is	VBZ	VBZ	-	15	SBAR	-	-
21	higher	higher	JJR	JJR	-	20	PRD	-	-
22	than	than	IN	IN	-	21	AMOD	-	-
23	the	the	DT	DT	-	24	NMOD	-	-
24	cost	cost	NN	NN	-	22	PMOD	-	-
25	of	of	IN	IN	-	24	NMOD	-	-
26	action	action	NN	NN	-	25	PMOD	-	-
27	.	.	.	.	-	13	P	-	-

1	it	it	PRP	PRP	-	2	SUB	-	-
2	costs	costs	VBZ	VBZ	-	0	ROOT	-	-
3	the	the	DT	DT	-	5	NMOD	-	-
4	united	united	NNP	NNP	-	5	NMOD	-	-
5	states	states	NNPS	NNPS	-	2	OBJ	-	-
6	more	more	RBR	RBR	-	2	VMOD	-	-
7	in	in	IN	IN	-	2	VMOD	-	-
8	health	health	NN	NN	-	9	NMOD	-	-
9	care	care	NN	NN	-	7	PMOD	-	-
10	and	and	CC	CC	-	2	VMOD	-	-
11	lost	lost	VBD	VBD	-	2	VMOD	-	-
12	productivity	productivity	NN	NN	-	11	OBJ	-	-
13	than	than	IN	IN	-	11	VMOD	-	-
14	it	it	PRP	PRP	-	15	SUB	-	-
15	would	would	MD	MD	-	13	SBAR	-	-
16	to	to	TO	TO	-	17	VMOD	-	-
17	clean	clean	VB	VB	-	15	VMOD	-	-
18	up	up	RP	RP	-	17	VMOD	-	-
19	air	air	NN	NN	-	20	NMOD	-	-
20	pollution	pollution	NN	NN	-	17	OBJ	-	-
21	.	.	.	.	-	2	P	-	-

1	this	this	DT	DT	-	2	SUB	-	-
2	<num>	<num>	VBZ	VBZ	-	0	ROOT	-	-
3	this	this	DT	DT	-	7	NMOD	-	-
4	``	``	``	``	-	7	P	-	-
5	bullet	bullet	NN	NN	-	7	NMOD	-	-
6	''	''	''	''	-	7	P	-	-
7	symbol	symbol	NN	NN	-	8	SUB	-	-
8	identifies	identifies	VBZ	VBZ	-	2	VMOD	-	-
9	statements	statements	NNS	NNS	-	11	NMOD	-	-
10	or	or	CC	CC	-	11	NMOD	-	-
11	insertions	insertions	NNS	NNS	-	8	OBJ	-	-
12	which	which	WDT	WDT	-	11	NMOD	-	-
13	are	are	VBP	VBP	-	12	SBAR	-	-
14	not	not	RB	RB	-	13	VMOD	-	-
15	spoken	spoken	VBN	VBN	-	13	VC	-	-
16	by	by	IN	IN	-	15	VMOD	-	-
17	a	a	DT	DT	-	18	NMOD	-	-
18	member	member	NN	NN	-	16	PMOD	-	-
19	of	of	IN	IN	-	18	NMOD	-	-
20	the	the	DT	DT	-	21	NMOD	-	-
21	senate	senate	NNP	NNP	-	19	PMOD	-	-
22	on	on	IN	IN	-	15	VMOD	-	-
23	the	the	DT	DT	-	24	NMOD	-	-
24	floor	floor	NN	NN	-	22	PMOD	-	-
25	.	.	.	.	-	2	P	-	-

1	congressional	congressional	JJ	JJ	-	3	NMOD	-	-
2	record-senate	record-senate	JJ	JJ	-	3	NMOD	-	-
3	bill	bill	NN	NN	-	4	SUB	-	-
4	will	will	MD	MD	-	0	ROOT	-	-
5	save	save	VB	VB	-	4	VC	-	-
6	the	the	DT	DT	-	9	NMOD	-	-
7	american	american	JJ	JJ	-	9	NMOD	-	-
8	people	people	NNS	NNS	-	9	NMOD	-	-
9	money	money	NN	NN	-	5	OBJ	-	-
10	.	.	.	.	-	4	P	-	-

1	second	second	NNP	NNP	-	5	VMOD	-	-
2	,	,	,	,	-	5	P	-	-
3	the	the	DT	DT	-	4	NMOD	-	-
4	bill	bill	NN	NN	-	5	SUB	-	-
5	ought	ought	MD	MD	-	0	ROOT	-	-
6	not	not	RB	RB	-	5	VMOD	-	-
7	be	be	VB	VB	-	5	VC	-	-
8	measured	measured	VBN	VBN	-	7	VC	-	-
9	solely	solely	RB	RB	-	10	PMOD	-	-
10	in	in	IN	IN	-	8	VMOD	-	-
11	dollars	dollars	NNS	NNS	-	13	NMOD	-	-
12	and	and	CC	CC	-	13	NMOD	-	-
13	cents	cents	NNS	NNS	-	10	PMOD	-	-
14	.	.	.	.	-	5	P	-	-

1	that	that	DT	DT	-	2	SUB	-	-
2	would	would	MD	MD	-	0	ROOT	-	-
3	exclude	exclude	VB	VB	-	2	VC	-	-
4	consideration	consideration	NN	NN	-	3	OBJ	-	-
5	of	of	IN	IN	-	4	NMOD	-	-
6	the	the	DT	DT	-	8	NMOD	-	-
7	most	most	RBS	RBS	-	8	AMOD	-	-
8	important	important	JJ	JJ	-	5	PMOD	-	-
9	of	of	IN	IN	-	8	NMOD	-	-
10	our	our	PRP$	PRP$	-	12	NMOD	-	-
11	values-human	values-human	NN	NN	-	12	NMOD	-	-
12	values	values	NNS	NNS	-	9	PMOD	-	-
13	.	.	.	.	-	2	P	-	-

1	the	the	DT	DT	-	2	NMOD	-	-
2	evidence	evidence	NN	NN	-	3	SUB	-	-
3	is	is	VBZ	VBZ	-	0	ROOT	-	-
4	clear	clear	JJ	JJ	-	8	AMOD	-	-
5	,	,	,	,	-	8	P	-	-
6	compelling	compelling	JJ	JJ	-	8	AMOD	-	-
7	and	and	CC	CC	-	8	AMOD	-	-
8	undisputed	undisputed	JJ	JJ	-	3	PRD	-	-
9	that	that	IN	IN	-	8	AMOD	-	-
10	air	air	NN	NN	-	11	NMOD	-	-
11	pollution	pollution	NN	NN	-	12	SUB	-	-
12	causes	causes	VBZ	VBZ	-	9	SBAR	-	-
13	thousands	thousands	NNS	NNS	-	12	OBJ	-	-
14	of	of	IN	IN	-	13	NMOD	-	-
15	premature	premature	JJ	JJ	-	16	NMOD	-	-
16	deaths	deaths	NNS	NNS	-	18	NMOD	-	-
17	and	and	CC	CC	-	18	NMOD	-	-
18	millions	millions	NNS	NNS	-	14	PMOD	-	-
19	of	of	IN	IN	-	18	NMOD	-	-
20	illnesses	illnesses	NNS	NNS	-	19	PMOD	-	-
21	each	each	DT	DT	-	22	NMOD	-	-
22	year	year	NN	NN	-	12	VMOD	-	-
23	.	.	.	.	-	3	P	-	-

1	especially	especially	RB	RB	-	2	AMOD	-	-
2	vulnerable	vulnerable	JJ	JJ	-	3	PRD	-	-
3	are	are	VBP	VBP	-	0	ROOT	-	-
4	children	children	NNS	NNS	-	3	PRD	-	-
5	.	.	.	.	-	3	P	-	-

1	i	i	PRP	PRP	-	2	SUB	-	-
2	ask	ask	VBP	VBP	-	0	ROOT	-	-
3	each	each	DT	DT	-	2	VMOD	-	-
4	senator	senator	NNP	NNP	-	2	OBJ	-	-
5	,	,	,	,	-	4	P	-	-
6	what	what	WP	WP	-	4	NMOD	-	-
7	is	is	VBZ	VBZ	-	6	SBAR	-	-
8	the	the	DT	DT	-	10	NMOD	-	-
9	dollar	dollar	NN	NN	-	10	NMOD	-	-
10	value	value	NN	NN	-	7	PRD	-	-
11	of	of	IN	IN	-	10	NMOD	-	-
12	a	a	DT	DT	-	14	NMOD	-	-
13	human	human	JJ	JJ	-	14	NMOD	-	-
14	life	life	NN	NN	-	11	PMOD	-	-
15	?	?	.	.	-	2	P	-	-

1	what	what	WP	WP	-	2	VMOD	-	-
2	is	is	VBZ	VBZ	-	0	ROOT	-	-
3	the	the	DT	DT	-	5	NMOD	-	-
4	dollar	dollar	NN	NN	-	5	NMOD	-	-
5	value	value	NN	NN	-	2	PRD	-	-
6	of	of	IN	IN	-	5	NMOD	-	-
7	a	a	DT	DT	-	9	NMOD	-	-
8	child	child	NN	NN	-	9	NMOD	-	-
9	's	's	POS	POS	-	10	NMOD	-	-
10	health	health	NN	NN	-	6	PMOD	-	-
11	?	?	.	.	-	2	P	-	-

1	your	your	PRP$	PRP$	-	3	NMOD	-	-
2	child	child	NN	NN	-	3	NMOD	-	-
3	's	's	POS	POS	-	4	NMOD	-	-
4	health	health	NN	NN	-	0	ROOT	-	-
5	?	?	.	.	-	4	P	-	-

1	obviously	obviously	RB	RB	-	4	VMOD	-	-
2	,	,	,	,	-	4	P	-	-
3	these	these	DT	DT	-	4	SUB	-	-
4	are	are	VBP	VBP	-	0	ROOT	-	-
5	unanswerable	unanswerable	JJ	JJ	-	6	NMOD	-	-
6	questions	questions	NNS	NNS	-	4	PRD	-	-
7	.	.	.	.	-	4	P	-	-

1	but	but	CC	CC	-	16	VMOD	-	-
2	just	just	RB	RB	-	3	DEP	-	-
3	because	because	IN	IN	-	16	SUB	-	-
4	we	we	PRP	PRP	-	5	SUB	-	-
5	ca	ca	MD	MD	-	3	SBAR	-	-
6	n't	n't	RB	RB	-	5	VMOD	-	-
7	put	put	VB	VB	-	5	VC	-	-
8	a	a	DT	DT	-	10	NMOD	-	-
9	dollar	dollar	NN	NN	-	10	NMOD	-	-
10	value	value	NN	NN	-	7	OBJ	-	-
11	on	on	IN	IN	-	7	VMOD	-	-
12	a	a	DT	DT	-	14	NMOD	-	-
13	child	child	NN	NN	-	14	NMOD	-	-
14	's	's	POS	POS	-	15	NMOD	-	-
15	health	health	NN	NN	-	11	PMOD	-	-
16	does	does	VBZ	VBZ	-	0	ROOT	-	-
17	n't	n't	RB	RB	-	16	VMOD	-	-
18	mean	mean	VB	VB	-	16	VC	-	-
19	we	we	PRP	PRP	-	20	SUB	-	-
20	should	should	MD	MD	-	18	VMOD	-	-
21	exclude	exclude	VB	VB	-	20	VC	-	-
22	the	the	DT	DT	-	23	NMOD	-	-
23	health	health	NN	NN	-	21	OBJ	-	-
24	of	of	IN	IN	-	23	NMOD	-	-
25	american	american	JJ	JJ	-	26	NMOD	-	-
26	children	children	NNS	NNS	-	24	PMOD	-	-
27	from	from	IN	IN	-	21	VMOD	-	-
28	this	this	DT	DT	-	29	NMOD	-	-
29	debate	debate	NN	NN	-	27	PMOD	-	-
30	.	.	.	.	-	16	P	-	-

1	to	to	TO	TO	-	6	VMOD	-	-
2	the	the	DT	DT	-	3	NMOD	-	-
3	contrary	contrary	NN	NN	-	1	PMOD	-	-
4	,	,	,	,	-	6	P	-	-
5	it	it	PRP	PRP	-	6	SUB	-	-
6	is	is	VBZ	VBZ	-	0	ROOT	-	-
7	and	and	CC	CC	-	6	VMOD	-	-
8	should	should	MD	MD	-	6	VMOD	-	-
9	be	be	VB	VB	-	8	VC	-	-
10	central	central	JJ	JJ	-	9	PRD	-	-
11	to	to	TO	TO	-	10	AMOD	-	-
12	this	this	DT	DT	-	13	NMOD	-	-
13	debate	debate	NN	NN	-	11	PMOD	-	-
14	.	.	.	.	-	6	P	-	-

1	we	we	PRP	PRP	-	2	SUB	-	-
2	should	should	MD	MD	-	0	ROOT	-	-
3	get	get	VB	VB	-	2	VC	-	-
4	in	in	IN	IN	-	3	VMOD	-	-
5	perspective	perspective	NN	NN	-	4	PMOD	-	-
6	and	and	CC	CC	-	3	VMOD	-	-
7	keep	keep	VB	VB	-	3	VMOD	-	-
8	in	in	IN	IN	-	7	VMOD	-	-
9	perspective	perspective	NN	NN	-	8	PMOD	-	-
10	the	the	DT	DT	-	11	NMOD	-	-
11	fact	fact	NN	NN	-	7	OBJ	-	-
12	that	that	IN	IN	-	11	NMOD	-	-
13	we	we	PRP	PRP	-	14	SUB	-	-
14	are	are	VBP	VBP	-	12	SBAR	-	-
15	considering	considering	VBG	VBG	-	14	VC	-	-
16	a	a	DT	DT	-	18	NMOD	-	-
17	health	health	NN	NN	-	18	NMOD	-	-
18	bill	bill	NN	NN	-	15	OBJ	-	-
19	.	.	.	.	-	2	P	-	-

1	its	its	PRP$	PRP$	-	2	NMOD	-	-
2	purpose	purpose	NN	NN	-	3	SUB	-	-
3	is	is	VBZ	VBZ	-	0	ROOT	-	-
4	basic	basic	JJ	JJ	-	3	PRD	-	-
5	:	:	:	:	-	3	P	-	-
6	to	to	TO	TO	-	7	VMOD	-	-
7	make	make	VB	VB	-	3	VMOD	-	-
8	the	the	DT	DT	-	9	NMOD	-	-
9	air	air	NN	NN	-	7	OBJ	-	-
10	we	we	PRP	PRP	-	11	SUB	-	-
11	must	must	MD	MD	-	9	NMOD	-	-
12	all	all	DT	DT	-	14	NMOD	-	-
13	breathe	breathe	JJ	JJ	-	14	NMOD	-	-
14	fit	fit	NN	NN	-	11	VC	-	-
15	for	for	IN	IN	-	14	NMOD	-	-
16	human	human	JJ	JJ	-	17	NMOD	-	-
17	lungs	lungs	NNS	NNS	-	15	PMOD	-	-
18	.	.	.	.	-	3	P	-	-

1	beyond	beyond	IN	IN	-	14	VMOD	-	-
2	the	the	DT	DT	-	5	NMOD	-	-
3	clean	clean	NNP	NNP	-	5	NMOD	-	-
4	air	air	NNP	NNP	-	5	NMOD	-	-
5	act	act	NNP	NNP	-	1	PMOD	-	-
6	,	,	,	,	-	14	P	-	-
7	this	this	DT	DT	-	9	NMOD	-	-
8	2d	2d	JJ	JJ	-	9	NMOD	-	-
9	session	session	NN	NN	-	14	SUB	-	-
10	of	of	IN	IN	-	9	NMOD	-	-
11	the	the	DT	DT	-	13	NMOD	-	-
12	101st	101st	CD	CD	-	13	NMOD	-	-
13	congress	congress	NNP	NNP	-	10	PMOD	-	-
14	will	will	MD	MD	-	0	ROOT	-	-
15	be	be	VB	VB	-	14	VC	-	-
16	busy	busy	JJ	JJ	-	15	PRD	-	-
17	.	.	.	.	-	14	P	-	-

1	we	we	PRP	PRP	-	2	SUB	-	-
2	have	have	VBP	VBP	-	0	ROOT	-	-
3	unfinished	unfinished	JJ	JJ	-	4	NMOD	-	-
4	business	business	NN	NN	-	2	OBJ	-	-
5	from	from	IN	IN	-	2	VMOD	-	-
6	the	the	DT	DT	-	8	NMOD	-	-
7	first	first	JJ	JJ	-	8	NMOD	-	-
8	session	session	NN	NN	-	5	PMOD	-	-
9	to	to	TO	TO	-	10	VMOD	-	-
10	complete	complete	VB	VB	-	8	NMOD	-	-
11	,	,	,	,	-	13	P	-	-
12	important	important	JJ	JJ	-	13	NMOD	-	-
13	reauthorizations	reauthorizations	NNS	NNS	-	10	OBJ	-	-
14	to	to	TO	TO	-	5	PMOD	-	-
15	write	write	VB	VB	-	14	PMOD	-	-
16	,	,	,	,	-	20	P	-	-
17	a	a	DT	DT	-	20	NMOD	-	-
18	dramatically	dramatically	RB	RB	-	19	AMOD	-	-
19	different	different	JJ	JJ	-	20	NMOD	-	-
20	world	world	NN	NN	-	15	OBJ	-	-
21	against	against	IN	IN	-	20	NMOD	-	-
22	which	which	WDT	WDT	-	21	PMOD	-	-
23	to	to	TO	TO	-	24	VMOD	-	-
24	weigh	weigh	VB	VB	-	21	SBAR	-	-
25	our	our	PRP$	PRP$	-	27	NMOD	-	-
26	nation	nation	NN	NN	-	27	NMOD	-	-
27	's	's	POS	POS	-	31	NMOD	-	-
28	security	security	NN	NN	-	31	NMOD	-	-
29	needs	needs	NNS	NNS	-	31	NMOD	-	-
30	and	and	CC	CC	-	31	NMOD	-	-
31	priorities	priorities	NNS	NNS	-	41	NMOD	-	-
32	,	,	,	,	-	41	P	-	-
33	as	as	RB	RB	-	41	NMOD	-	-
34	well	well	RB	RB	-	33	DEP	-	-
35	as	as	IN	IN	-	33	DEP	-	-
36	the	the	DT	DT	-	41	NMOD	-	-
37	required	required	JJ	JJ	-	41	NMOD	-	-
38	budget	budget	NN	NN	-	41	NMOD	-	-
39	and	and	CC	CC	-	41	NMOD	-	-
40	appropriations	appropriations	NNS	NNS	-	41	NMOD	-	-
41	measures	measures	NNS	NNS	-	24	OBJ	-	-
42	for	for	IN	IN	-	24	VMOD	-	-
43	<num>	<num>	CD	CD	-	42	PMOD	-	-
44	.	.	.	.	-	2	P	-	-

1	i	i	PRP	PRP	-	2	SUB	-	-
2	hope	hope	VBP	VBP	-	0	ROOT	-	-
3	conferees	conferees	NNS	NNS	-	20	SUB	-	-
4	on	on	IN	IN	-	3	NMOD	-	-
5	the	the	DT	DT	-	7	NMOD	-	-
6	unfinished	unfinished	JJ	JJ	-	7	NMOD	-	-
7	business	business	NN	NN	-	4	PMOD	-	-
8	of	of	IN	IN	-	7	NMOD	-	-
9	the	the	DT	DT	-	11	NMOD	-	-
10	first	first	JJ	JJ	-	11	NMOD	-	-
11	session	session	NN	NN	-	18	NMOD	-	-
12	,	,	,	,	-	18	P	-	-
13	drug	drug	NN	NN	-	15	NMOD	-	-
14	treatment	treatment	NN	NN	-	15	NMOD	-	-
15	legislation	legislation	NN	NN	-	18	NMOD	-	-
16	and	and	CC	CC	-	18	NMOD	-	-
17	oilspill	oilspill	NN	NN	-	18	NMOD	-	-
18	liability	liability	NN	NN	-	8	PMOD	-	-
19	,	,	,	,	-	18	P	-	-
20	will	will	MD	MD	-	2	VMOD	-	-
21	act	act	VB	VB	-	20	VC	-	-
22	promptly	promptly	RB	RB	-	21	VMOD	-	-
23	.	.	.	.	-	2	P	-	-

1	these	these	DT	DT	-	2	SUB	-	-
2	are	are	VBP	VBP	-	0	ROOT	-	-
3	important	important	JJ	JJ	-	4	NMOD	-	-
4	matters	matters	NNS	NNS	-	2	PRD	-	-
5	we	we	PRP	PRP	-	6	SUB	-	-
6	should	should	MD	MD	-	4	NMOD	-	-
7	be	be	VB	VB	-	6	VC	-	-
8	able	able	JJ	JJ	-	7	PRD	-	-
9	to	to	TO	TO	-	10	VMOD	-	-
10	finish	finish	VB	VB	-	8	AMOD	-	-
11	swiftly	swiftly	RB	RB	-	10	VMOD	-	-
12	.	.	.	.	-	2	P	-	-

1	tomorrow	tomorrow	NN	NN	-	5	VMOD	-	-
2	,	,	,	,	-	5	P	-	-
3	the	the	DT	DT	-	4	NMOD	-	-
4	house	house	NNP	NNP	-	5	SUB	-	-
5	will	will	MD	MD	-	0	ROOT	-	-
6	override	override	VB	VB	-	5	VC	-	-
7	the	the	DT	DT	-	9	NMOD	-	-
8	president	president	NNP	NNP	-	9	NMOD	-	-
9	's	's	POS	POS	-	10	NMOD	-	-
10	veto	veto	NN	NN	-	6	OBJ	-	-
11	of	of	IN	IN	-	10	NMOD	-	-
12	legislation	legislation	NN	NN	-	11	PMOD	-	-
13	extending	extending	VBG	VBG	-	12	NMOD	-	-
14	the	the	DT	DT	-	16	NMOD	-	-
15	visa	visa	NN	NN	-	16	NMOD	-	-
16	protections	protections	NNS	NNS	-	13	OBJ	-	-
17	of	of	IN	IN	-	16	NMOD	-	-
18	chinese	chinese	JJ	JJ	-	19	NMOD	-	-
19	students	students	NNS	NNS	-	22	NMOD	-	-
20	and	and	CC	CC	-	22	NMOD	-	-
21	exchange	exchange	NN	NN	-	22	NMOD	-	-
22	scholars	scholars	NNS	NNS	-	17	PMOD	-	-
23	.	.	.	.	-	5	P	-	-

1	it	it	PRP	PRP	-	2	SUB	-	-
2	is	is	VBZ	VBZ	-	0	ROOT	-	-
3	my	my	PRP$	PRP$	-	4	NMOD	-	-
4	intention	intention	NN	NN	-	2	PRD	-	-
5	to	to	TO	TO	-	6	VMOD	-	-
6	ask	ask	VB	VB	-	4	NMOD	-	-
7	the	the	DT	DT	-	8	NMOD	-	-
8	senate	senate	NNP	NNP	-	10	SUB	-	-
9	to	to	TO	TO	-	10	VMOD	-	-
10	move	move	VB	VB	-	6	VMOD	-	-
11	promptly	promptly	RB	RB	-	10	VMOD	-	-
12	to	to	TO	TO	-	10	VMOD	-	-
13	that	that	DT	DT	-	14	NMOD	-	-
14	proposal	proposal	NN	NN	-	12	PMOD	-	-
15	.	.	.	.	-	2	P	-	-

1	i	i	PRP	PRP	-	2	SUB	-	-
2	regret	regret	VBP	VBP	-	0	ROOT	-	-
3	the	the	DT	DT	-	5	NMOD	-	-
4	president	president	NNP	NNP	-	5	NMOD	-	-
5	's	's	POS	POS	-	6	NMOD	-	-
6	veto	veto	NN	NN	-	2	OBJ	-	-
7	of	of	IN	IN	-	6	NMOD	-	-
8	this	this	DT	DT	-	9	NMOD	-	-
9	bill	bill	NN	NN	-	7	PMOD	-	-
10	.	.	.	.	-	2	P	-	-

1	his	his	PRP$	PRP$	-	2	NMOD	-	-
2	claim	claim	NN	NN	-	18	SUB	-	-
3	that	that	IN	IN	-	2	NMOD	-	-
4	he	he	PRP	PRP	-	5	SUB	-	-
5	is	is	VBZ	VBZ	-	3	SBAR	-	-
6	doing	doing	VBG	VBG	-	5	VC	-	-
7	as	as	RB	RB	-	8	NMOD	-	-
8	much	much	RB	RB	-	6	OBJ	-	-
9	through	through	IN	IN	-	6	VMOD	-	-
10	a	a	DT	DT	-	12	NMOD	-	-
11	presidential	presidential	JJ	JJ	-	12	NMOD	-	-
12	memorandum	memorandum	NN	NN	-	9	PMOD	-	-
13	of	of	IN	IN	-	12	NMOD	-	-
14	disapproval	disapproval	NN	NN	-	13	PMOD	-	-
15	as	as	IN	IN	-	12	NMOD	-	-
16	the	the	DT	DT	-	17	NMOD	-	-
17	bill	bill	NN	NN	-	15	PMOD	-	-
18	would	would	MD	MD	-	0	ROOT	-	-
19	do	do	VB	VB	-	18	VC	-	-
20	through	through	IN	IN	-	19	VMOD	-	-
21	the	the	DT	DT	-	22	NMOD	-	-
22	law	law	NN	NN	-	23	SUB	-	-
23	is	is	VBZ	VBZ	-	20	SBAR	-	-
24	unpersuasive	unpersuasive	JJ	JJ	-	23	PRD	-	-
25	.	.	.	.	-	18	P	-	-

1	the	the	DT	DT	-	3	NMOD	-	-
2	president	president	NNP	NNP	-	3	NMOD	-	-
3	's	's	POS	POS	-	4	NMOD	-	-
4	memorandum	memorandum	NN	NN	-	7	SUB	-	-
5	of	of	IN	IN	-	4	NMOD	-	-
6	disapproval	disapproval	NN	NN	-	5	PMOD	-	-
7	is	is	VBZ	VBZ	-	0	ROOT	-	-
8	only	only	RB	RB	-	11	NMOD	-	-
9	an	an	DT	DT	-	11	NMOD	-	-
10	administrative	administrative	JJ	JJ	-	11	NMOD	-	-
11	action	action	NN	NN	-	7	PRD	-	-
12	.	.	.	.	-	7	P	-	-

1	it	it	PRP	PRP	-	2	SUB	-	-
2	provides	provides	VBZ	VBZ	-	0	ROOT	-	-
3	no	no	DT	DT	-	6	NMOD	-	-
4	statutory	statutory	JJ	JJ	-	6	NMOD	-	-
5	legal	legal	JJ	JJ	-	6	NMOD	-	-
6	protection	protection	NN	NN	-	2	OBJ	-	-
7	for	for	IN	IN	-	2	VMOD	-	-
8	the	the	DT	DT	-	10	NMOD	-	-
9	chinese	chinese	JJ	JJ	-	10	NMOD	-	-
10	students	students	NNS	NNS	-	7	PMOD	-	-
11	.	.	.	.	-	2	P	-	-

1	it	it	PRP	PRP	-	2	SUB	-	-
2	can	can	MD	MD	-	0	ROOT	-	-
3	be	be	VB	VB	-	2	VC	-	-
4	revoked	revoked	VBN	VBN	-	3	VC	-	-
5	by	by	IN	IN	-	4	VMOD	-	-
6	the	the	DT	DT	-	7	NMOD	-	-
7	president	president	NNP	NNP	-	11	NMOD	-	-
8	or	or	CC	CC	-	11	NMOD	-	-
9	the	the	DT	DT	-	11	NMOD	-	-
10	attorney	attorney	NNP	NNP	-	11	NMOD	-	-
11	general	general	NNP	NNP	-	5	PMOD	-	-
12	at	at	IN	IN	-	4	VMOD	-	-
13	their	their	PRP$	PRP$	-	14	NMOD	-	-
14	discretion	discretion	NN	NN	-	12	PMOD	-	-
15	.	.	.	.	-	2	P	-	-

1	this	this	DT	DT	-	3	NMOD	-	-
2	administrative	administrative	JJ	JJ	-	3	NMOD	-	-
3	action	action	NN	NN	-	4	SUB	-	-
4	could	could	MD	MD	-	0	ROOT	-	-
5	also	also	RB	RB	-	4	VMOD	-	-
6	be	be	VB	VB	-	4	VC	-	-
7	challenged	challenged	VBN	VBN	-	6	VC	-	-
8	because	because	IN	IN	-	7	VMOD	-	-
9	immigration	immigration	NN	NN	-	10	NMOD	-	-
10	law	law	NN	NN	-	11	SUB	-	-
11	does	does	VBZ	VBZ	-	8	SBAR	-	-
12	not	not	RB	RB	-	11	VMOD	-	-
13	,	,	,	,	-	11	P	-	-
14	in	in	IN	IN	-	11	VMOD	-	-
15	general	general	JJ	JJ	-	17	VMOD	-	-
16	,	,	,	,	-	17	P	-	-
17	permit	permit	VBP	VBP	-	14	PMOD	-	-
18	aliens	aliens	NNS	NNS	-	20	SUB	-	-
19	to	to	TO	TO	-	20	VMOD	-	-
20	adjust	adjust	VB	VB	-	17	VMOD	-	-
21	their	their	PRP$	PRP$	-	22	NMOD	-	-
22	status	status	NN	NN	-	20	OBJ	-	-
23	if	if	IN	IN	-	20	VMOD	-	-
24	they	they	PRP	PRP	-	25	SUB	-	-
25	apply	apply	VBP	VBP	-	23	SBAR	-	-
26	to	to	TO	TO	-	27	VMOD	-	-
27	do	do	VB	VB	-	25	VMOD	-	-
28	so	so	RB	RB	-	27	PRD	-	-
29	while	while	IN	IN	-	27	VMOD	-	-
30	they	they	PRP	PRP	-	31	SUB	-	-
31	are	are	VBP	VBP	-	29	SBAR	-	-
32	technically	technically	RB	RB	-	31	VMOD	-	-
33	in	in	IN	IN	-	31	PRD	-	-
34	illegal	illegal	JJ	JJ	-	35	NMOD	-	-
35	status	status	NN	NN	-	33	PMOD	-	-
36	.	.	.	.	-	4	P	-	-

1	it	it	PRP	PRP	-	2	SUB	-	-
2	is	is	VBZ	VBZ	-	0	ROOT	-	-
3	an	an	DT	DT	-	5	NMOD	-	-
4	open	open	JJ	JJ	-	5	NMOD	-	-
5	question	question	NN	NN	-	2	PRD	-	-
6	whether	whether	IN	IN	-	2	VMOD	-	-
7	the	the	DT	DT	-	8	NMOD	-	-
8	administration	administration	NN	NN	-	9	SUB	-	-
9	has	has	VBZ	VBZ	-	6	SBAR	-	-
10	the	the	DT	DT	-	11	NMOD	-	-
11	authority	authority	NN	NN	-	9	OBJ	-	-
12	to	to	TO	TO	-	13	VMOD	-	-
13	grant	grant	VB	VB	-	11	NMOD	-	-
14	such	such	PDT	PDT	-	17	NMOD	-	-
15	a	a	DT	DT	-	17	NMOD	-	-
16	generalized	generalized	JJ	JJ	-	17	NMOD	-	-
17	waiver	waiver	NN	NN	-	13	OBJ	-	-
18	of	of	IN	IN	-	17	NMOD	-	-
19	a	a	DT	DT	-	22	NMOD	-	-
20	congressionally	congressionally	RB	RB	-	21	AMOD	-	-
21	mandated	mandated	VBN	VBN	-	22	NMOD	-	-
22	stipulation	stipulation	NN	NN	-	18	PMOD	-	-
23	.	.	.	.	-	2	P	-	-

1	the	the	DT	DT	-	3	NMOD	-	-
2	best	best	JJS	JJS	-	3	NMOD	-	-
3	way	way	NN	NN	-	13	SUB	-	-
4	to	to	TO	TO	-	5	VMOD	-	-
5	answer	answer	VB	VB	-	3	NMOD	-	-
6	that	that	DT	DT	-	7	NMOD	-	-
7	question	question	NN	NN	-	5	OBJ	-	-
8	and	and	CC	CC	-	5	VMOD	-	-
9	to	to	TO	TO	-	10	VMOD	-	-
10	resolve	resolve	VB	VB	-	5	VMOD	-	-
11	all	all	DT	DT	-	12	NMOD	-	-
12	doubt	doubt	NN	NN	-	10	OBJ	-	-
13	is	is	VBZ	VBZ	-	0	ROOT	-	-
14	to	to	TO	TO	-	15	VMOD	-	-
15	do	do	VB	VB	-	13	PRD	-	-
16	what	what	WP	WP	-	15	VMOD	-	-
17	congress	congress	NNP	NNP	-	18	SUB	-	-
18	did	did	VBD	VBD	-	16	SBAR	-	-
19	last	last	JJ	JJ	-	20	NMOD	-	-
20	year	year	NN	NN	-	18	VMOD	-	-
21	:	:	:	:	-	20	P	-	-
22	change	change	VB	VB	-	18	VMOD	-	-
23	the	the	DT	DT	-	24	NMOD	-	-
24	law	law	NN	NN	-	22	OBJ	-	-
25	.	.	.	.	-	13	P	-	-

1	that	that	DT	DT	-	2	SUB	-	-
2	is	is	VBZ	VBZ	-	0	ROOT	-	-
3	why	why	WRB	WRB	-	2	PRD	-	-
4	we	we	PRP	PRP	-	5	SUB	-	-
5	must	must	MD	MD	-	3	SBAR	-	-
6	now	now	RB	RB	-	5	VMOD	-	-
7	override	override	VB	VB	-	5	VC	-	-
8	the	the	DT	DT	-	9	NMOD	-	-
9	veto	veto	NN	NN	-	7	OBJ	-	-
10	.	.	.	.	-	2	P	-	-

1	equally	equally	RB	RB	-	6	VMOD	-	-
2	important	important	JJ	JJ	-	1	AMOD	-	-
3	,	,	,	,	-	6	P	-	-
4	the	the	DT	DT	-	5	NMOD	-	-
5	veto	veto	NN	NN	-	6	SUB	-	-
6	sends	sends	VBZ	VBZ	-	0	ROOT	-	-
7	exactly	exactly	RB	RB	-	6	VMOD	-	-
8	the	the	DT	DT	-	10	NMOD	-	-
9	wrong	wrong	JJ	JJ	-	10	NMOD	-	-
10	signal	signal	NN	NN	-	6	OBJ	-	-
11	.	.	.	.	-	6	P	-	-

1	the	the	DT	DT	-	2	NMOD	-	-
2	president	president	NNP	NNP	-	3	SUB	-	-
3	says	says	VBZ	VBZ	-	0	ROOT	-	-
4	he	he	PRP	PRP	-	5	SUB	-	-
5	does	does	VBZ	VBZ	-	3	VMOD	-	-
6	not	not	RB	RB	-	5	VMOD	-	-
7	want	want	VB	VB	-	5	VC	-	-
8	to	to	TO	TO	-	9	VMOD	-	-
9	isolate	isolate	VB	VB	-	7	VMOD	-	-
10	the	the	DT	DT	-	11	NMOD	-	-
11	government	government	NN	NN	-	9	OBJ	-	-
12	of	of	IN	IN	-	11	NMOD	-	-
13	china	china	NNP	NNP	-	12	PMOD	-	-
14	.	.	.	.	-	3	P	-	-

1	neither	neither	CC	CC	-	2	VMOD	-	-
2	do	do	VBP	VBP	-	0	ROOT	-	-
3	i	i	PRP	PRP	-	2	SUB	-	-
4	.	.	.	.	-	2	P	-	-

1	but	but	CC	CC	-	14	VMOD	-	-
2	to	to	TO	TO	-	14	VMOD	-	-
3	the	the	DT	DT	-	4	NMOD	-	-
4	extent	extent	NN	NN	-	2	PMOD	-	-
5	that	that	IN	IN	-	4	NMOD	-	-
6	it	it	PRP	PRP	-	7	SUB	-	-
7	is	is	VBZ	VBZ	-	5	SBAR	-	-
8	isolated	isolated	VBN	VBN	-	7	VC	-	-
9	,	,	,	,	-	14	P	-	-
10	the	the	DT	DT	-	11	NMOD	-	-
11	government	government	NN	NN	-	14	SUB	-	-
12	of	of	IN	IN	-	11	NMOD	-	-
13	china	china	NNP	NNP	-	12	PMOD	-	-
14	isolated	isolated	VBD	VBD	-	0	ROOT	-	-
15	itself	itself	PRP	PRP	-	14	OBJ	-	-
16	.	.	.	.	-	14	P	-	-

1	it	it	PRP	PRP	-	2	SUB	-	-
2	isolated	isolated	VBD	VBD	-	0	ROOT	-	-
3	itself	itself	PRP	PRP	-	2	OBJ	-	-
4	from	from	IN	IN	-	2	VMOD	-	-
5	its	its	PRP$	PRP$	-	7	NMOD	-	-
6	own	own	JJ	JJ	-	7	NMOD	-	-
7	people	people	NNS	NNS	-	4	PMOD	-	-
8	and	and	CC	CC	-	4	PMOD	-	-
9	from	from	IN	IN	-	4	PMOD	-	-
10	the	the	DT	DT	-	11	NMOD	-	-
11	community	community	NN	NN	-	9	PMOD	-	-
12	of	of	IN	IN	-	11	NMOD	-	-
13	nations	nations	NNS	NNS	-	12	PMOD	-	-
14	by	by	IN	IN	-	11	NMOD	-	-
15	murdering	murdering	VBG	VBG	-	14	PMOD	-	-
16	its	its	PRP$	PRP$	-	18	NMOD	-	-
17	own	own	JJ	JJ	-	18	NMOD	-	-
18	citizens	citizens	NNS	NNS	-	15	OBJ	-	-
19	,	,	,	,	-	15	P	-	-
20	by	by	IN	IN	-	15	VMOD	-	-
21	denying	denying	VBG	VBG	-	20	PMOD	-	-
22	to	to	TO	TO	-	21	VMOD	-	-
23	those	those	DT	DT	-	24	NMOD	-	-
24	citizens	citizens	NNS	NNS	-	22	PMOD	-	-
25	even	even	RB	RB	-	14	PMOD	-	-
26	the	the	DT	DT	-	28	NMOD	-	-
27	most	most	RBS	RBS	-	28	AMOD	-	-
28	basic	basic	JJ	JJ	-	25	AMOD	-	-
29	of	of	IN	IN	-	28	NMOD	-	-
30	human	human	JJ	JJ	-	31	NMOD	-	-
31	rights	rights	NNS	NNS	-	29	PMOD	-	-
32	.	.	.	.	-	2	P	-	-

1	our	our	PRP$	PRP$	-	2	NMOD	-	-
2	response	response	NN	NN	-	16	SUB	-	-
3	to	to	TO	TO	-	2	NMOD	-	-
4	the	the	DT	DT	-	8	NMOD	-	-
5	urgent	urgent	NN	NN	-	8	NMOD	-	-
6	and	and	CC	CC	-	8	NMOD	-	-
7	well-founded	well-founded	JJ	JJ	-	8	NMOD	-	-
8	fears	fears	NNS	NNS	-	3	PMOD	-	-
9	of	of	IN	IN	-	8	NMOD	-	-
10	the	the	DT	DT	-	12	NMOD	-	-
11	chinese	chinese	JJ	JJ	-	12	NMOD	-	-
12	students	students	NNS	NNS	-	9	PMOD	-	-
13	in	in	IN	IN	-	12	NMOD	-	-
14	our	our	PRP$	PRP$	-	15	NMOD	-	-
15	country	country	NN	NN	-	13	PMOD	-	-
16	was	was	VBD	VBD	-	24	VMOD	-	-
17	not	not	RB	RB	-	16	VMOD	-	-
18	taken	taken	VBN	VBN	-	16	VC	-	-
19	to	to	TO	TO	-	20	VMOD	-	-
20	isolate	isolate	VB	VB	-	18	VMOD	-	-
21	anyone	anyone	NN	NN	-	20	OBJ	-	-
22	:	:	:	:	-	24	P	-	-
23	it	it	PRP	PRP	-	24	SUB	-	-
24	was	was	VBD	VBD	-	0	ROOT	-	-
25	an	an	DT	DT	-	28	NMOD	-	-
26	appropriate	appropriate	JJ	JJ	-	28	NMOD	-	-
27	american	american	JJ	JJ	-	28	NMOD	-	-
28	response	response	NN	NN	-	24	PRD	-	-
29	to	to	TO	TO	-	28	NMOD	-	-
30	the	the	DT	DT	-	31	NMOD	-	-
31	victims	victims	NNS	NNS	-	29	PMOD	-	-
32	of	of	IN	IN	-	31	NMOD	-	-
33	murder	murder	NN	NN	-	32	PMOD	-	-
34	by	by	IN	IN	-	33	NMOD	-	-
35	government	government	NN	NN	-	34	PMOD	-	-
36	.	.	.	.	-	24	P	-	-

1	i	i	PRP	PRP	-	2	SUB	-	-
2	hope	hope	VBP	VBP	-	0	ROOT	-	-
3	my	my	PRP$	PRP$	-	4	NMOD	-	-
4	colleagues	colleagues	NNS	NNS	-	5	SUB	-	-
5	will	will	MD	MD	-	2	VMOD	-	-
6	repeat	repeat	VB	VB	-	5	VC	-	-
7	their	their	PRP$	PRP$	-	9	NMOD	-	-
8	unanimous	unanimous	JJ	JJ	-	9	NMOD	-	-
9	approval	approval	NN	NN	-	6	OBJ	-	-
10	of	of	IN	IN	-	9	NMOD	-	-
11	the	the	DT	DT	-	12	NMOD	-	-
12	bill	bill	NN	NN	-	14	NMOD	-	-
13	last	last	JJ	JJ	-	14	NMOD	-	-
14	year	year	NN	NN	-	10	PMOD	-	-
15	with	with	IN	IN	-	6	VMOD	-	-
16	an	an	DT	DT	-	19	NMOD	-	-
17	equally	equally	RB	RB	-	18	AMOD	-	-
18	strong	strong	JJ	JJ	-	19	NMOD	-	-
19	vote	vote	NN	NN	-	15	PMOD	-	-
20	to	to	TO	TO	-	21	VMOD	-	-
21	override	override	VB	VB	-	19	NMOD	-	-
22	the	the	DT	DT	-	23	NMOD	-	-
23	veto	veto	NN	NN	-	21	OBJ	-	-
24	.	.	.	.	-	2	P	-	-

1	it	it	PRP	PRP	-	2	SUB	-	-
2	is	is	VBZ	VBZ	-	0	ROOT	-	-
3	the	the	DT	DT	-	5	NMOD	-	-
4	right	right	JJ	JJ	-	5	NMOD	-	-
5	thing	thing	NN	NN	-	2	PRD	-	-
6	to	to	TO	TO	-	7	VMOD	-	-
7	do	do	VB	VB	-	5	NMOD	-	-
8	.	.	.	.	-	2	P	-	-

1	it	it	PRP	PRP	-	2	SUB	-	-
2	is	is	VBZ	VBZ	-	0	ROOT	-	-
3	my	my	PRP$	PRP$	-	4	NMOD	-	-
4	intention	intention	NN	NN	-	2	PRD	-	-
5	to	to	TO	TO	-	6	VMOD	-	-
6	proceed	proceed	VB	VB	-	4	NMOD	-	-
7	to	to	TO	TO	-	6	VMOD	-	-
8	the	the	DT	DT	-	10	NMOD	-	-
9	crime	crime	NN	NN	-	10	NMOD	-	-
10	legislation	legislation	NN	NN	-	7	PMOD	-	-
11	on	on	IN	IN	-	10	NMOD	-	-
12	or	or	CC	CC	-	11	PMOD	-	-
13	about	about	IN	IN	-	11	PMOD	-	-
14	february	february	NNP	NNP	-	11	PMOD	-	-
15	<num>	<num>	CD	CD	-	14	NMOD	-	-
16	,	,	,	,	-	2	P	-	-
17	as	as	RB	RB	-	18	DEP	-	-
18	provided	provided	VBN	VBN	-	2	VMOD	-	-
19	in	in	IN	IN	-	18	AMOD	-	-
20	the	the	DT	DT	-	21	NMOD	-	-
21	agreement	agreement	NN	NN	-	19	PMOD	-	-
22	we	we	PRP	PRP	-	23	SUB	-	-
23	reached	reached	VBD	VBD	-	21	NMOD	-	-
24	last	last	JJ	JJ	-	25	NMOD	-	-
25	year	year	NN	NN	-	23	VMOD	-	-
26	.	.	.	.	-	2	P	-	-

1	senator	senator	NNP	NNP	-	2	NMOD	-	-
2	biden	biden	NNP	NNP	-	5	NMOD	-	-
3	,	,	,	,	-	5	P	-	-
4	the	the	DT	DT	-	5	NMOD	-	-
5	chairman	chairman	NN	NN	-	11	SUB	-	-
6	of	of	IN	IN	-	5	NMOD	-	-
7	the	the	DT	DT	-	9	NMOD	-	-
8	judiciary	judiciary	NNP	NNP	-	9	NMOD	-	-
9	committee	committee	NNP	NNP	-	6	PMOD	-	-
10	,	,	,	,	-	5	P	-	-
11	has	has	VBZ	VBZ	-	0	ROOT	-	-
12	proposed	proposed	VBN	VBN	-	11	VC	-	-
13	a	a	DT	DT	-	14	NMOD	-	-
14	vehicle	vehicle	NN	NN	-	29	SUB	-	-
15	which	which	WDT	WDT	-	14	NMOD	-	-
16	incorporates	incorporates	VBZ	VBZ	-	15	SBAR	-	-
17	the	the	DT	DT	-	20	NMOD	-	-
18	three	three	CD	CD	-	20	NMOD	-	-
19	uncompleted	uncompleted	JJ	JJ	-	20	NMOD	-	-
20	items	items	NNS	NNS	-	16	OBJ	-	-
21	of	of	IN	IN	-	20	NMOD	-	-
22	the	the	DT	DT	-	27	NMOD	-	-
23	bush	bush	NNP	NNP	-	24	AMOD	-	-
24	agenda-another	agenda-another	JJ	JJ	-	27	NMOD	-	-
25	federal	federal	JJ	JJ	-	27	NMOD	-	-
26	death	death	NN	NN	-	27	NMOD	-	-
27	penalty	penalty	NN	NN	-	21	PMOD	-	-
28	,	,	,	,	-	14	P	-	-
29	habeus	habeus	VBZ	VBZ	-	80	VMOD	-	-
30	corpus	corpus	JJ	JJ	-	31	NMOD	-	-
31	reform	reform	NN	NN	-	35	NMOD	-	-
32	,	,	,	,	-	35	P	-	-
33	and	and	CC	CC	-	35	NMOD	-	-
34	exclusionary	exclusionary	JJ	JJ	-	35	NMOD	-	-
35	rule	rule	NN	NN	-	29	OBJ	-	-
36	changes-along	changes-along	JJ	JJ	-	35	NMOD	-	-
37	with	with	IN	IN	-	36	AMOD	-	-
38	some	some	DT	DT	-	41	NMOD	-	-
39	important	important	JJ	JJ	-	41	NMOD	-	-
40	additional	additional	JJ	JJ	-	41	NMOD	-	-
41	elements	elements	NNS	NNS	-	37	PMOD	-	-
42	to	to	TO	TO	-	43	VMOD	-	-
43	curb	curb	VB	VB	-	41	NMOD	-	-
44	drug	drug	NN	NN	-	45	NMOD	-	-
45	money-laundering	money-laundering	NN	NN	-	53	NMOD	-	-
46	,	,	,	,	-	53	P	-	-
47	the	the	DT	DT	-	51	NMOD	-	-
48	deconcini	deconcini	NNP	NNP	-	51	NMOD	-	-
49	assault	assault	NN	NN	-	51	NMOD	-	-
50	weapons	weapons	NNS	NNS	-	51	NMOD	-	-
51	bill	bill	NN	NN	-	53	NMOD	-	-
52	,	,	,	,	-	53	P	-	-
53	language	language	NN	NN	-	43	VMOD	-	-
54	to	to	TO	TO	-	55	VMOD	-	-
55	curb	curb	VB	VB	-	53	NMOD	-	-
56	the	the	DT	DT	-	57	NMOD	-	-
57	export	export	NN	NN	-	55	OBJ	-	-
58	of	of	IN	IN	-	57	NMOD	-	-
59	assault	assault	NN	NN	-	60	NMOD	-	-
60	weapons	weapons	NNS	NNS	-	58	PMOD	-	-
61	to	to	TO	TO	-	57	NMOD	-	-
62	drug	drug	NN	NN	-	63	NMOD	-	-
63	dealers	dealers	NNS	NNS	-	61	PMOD	-	-
64	in	in	IN	IN	-	63	NMOD	-	-
65	latin	latin	NNP	NNP	-	66	NMOD	-	-
66	america	america	NNP	NNP	-	64	PMOD	-	-
67	,	,	,	,	-	55	P	-	-
68	as	as	RB	RB	-	55	VMOD	-	-
69	well	well	RB	RB	-	68	DEP	-	-
70	as	as	IN	IN	-	68	DEP	-	-
71	additional	additional	JJ	JJ	-	72	NMOD	-	-
72	funding	funding	NN	NN	-	70	PMOD	-	-
73	for	for	IN	IN	-	72	NMOD	-	-
74	law	law	NN	NN	-	76	NMOD	-	-
75	enforcement	enforcement	NN	NN	-	76	NMOD	-	-
76	personnel	personnel	NNS	NNS	-	79	NMOD	-	-
77	and	and	CC	CC	-	79	NMOD	-	-
78	other	other	JJ	JJ	-	79	NMOD	-	-
79	matters	matters	NNS	NNS	-	73	PMOD	-	-
80	.	.	.	.	-	11	P	-	-

1	i	i	PRP	PRP	-	2	SUB	-	-
2	know	know	VBP	VBP	-	0	ROOT	-	-
3	other	other	JJ	JJ	-	4	NMOD	-	-
4	senators	senators	NNS	NNS	-	5	SUB	-	-
5	have	have	VBP	VBP	-	2	VMOD	-	-
6	proposals	proposals	NNS	NNS	-	5	OBJ	-	-
7	in	in	IN	IN	-	6	NMOD	-	-
8	this	this	DT	DT	-	9	NMOD	-	-
9	field	field	NN	NN	-	7	PMOD	-	-
10	as	as	RB	RB	-	5	VMOD	-	-
11	well	well	RB	RB	-	10	AMOD	-	-
12	.	.	.	.	-	5	P	-	-

1	the	the	DT	DT	-	5	NMOD	-	-
2	most	most	RBS	RBS	-	3	AMOD	-	-
3	effective	effective	JJ	JJ	-	5	NMOD	-	-
4	direct	direct	JJ	JJ	-	5	NMOD	-	-
5	assistance	assistance	NN	NN	-	20	SUB	-	-
6	the	the	DT	DT	-	8	NMOD	-	-
7	federal	federal	NNP	NNP	-	8	NMOD	-	-
8	government	government	NNP	NNP	-	9	SUB	-	-
9	can	can	MD	MD	-	5	NMOD	-	-
10	provide	provide	VB	VB	-	9	VC	-	-
11	to	to	TO	TO	-	10	VMOD	-	-
12	states	states	NNS	NNS	-	11	PMOD	-	-
13	for	for	IN	IN	-	10	VMOD	-	-
14	the	the	DT	DT	-	15	NMOD	-	-
15	purpose	purpose	NN	NN	-	13	PMOD	-	-
16	of	of	IN	IN	-	15	NMOD	-	-
17	curbing	curbing	VBG	VBG	-	16	PMOD	-	-
18	violent	violent	JJ	JJ	-	19	NMOD	-	-
19	crime	crime	NN	NN	-	17	OBJ	-	-
20	is	is	VBZ	VBZ	-	0	ROOT	-	-
21	additional	additional	JJ	JJ	-	22	NMOD	-	-
22	resources	resources	NNS	NNS	-	20	PRD	-	-
23	for	for	IN	IN	-	22	NMOD	-	-
24	law	law	NN	NN	-	25	NMOD	-	-
25	enforcement	enforcement	NN	NN	-	30	NMOD	-	-
26	,	,	,	,	-	30	P	-	-
27	prosecution	prosecution	NN	NN	-	30	NMOD	-	-
28	,	,	,	,	-	30	P	-	-
29	and	and	CC	CC	-	30	NMOD	-	-
30	detention	detention	NN	NN	-	23	PMOD	-	-
31	.	.	.	.	-	20	P	-	-

1	we	we	PRP	PRP	-	2	SUB	-	-
2	made	made	VBD	VBD	-	0	ROOT	-	-
3	a	a	DT	DT	-	5	NMOD	-	-
4	good	good	JJ	JJ	-	5	NMOD	-	-
5	start	start	NN	NN	-	2	OBJ	-	-
6	on	on	IN	IN	-	5	NMOD	-	-
7	financing	financing	NN	NN	-	6	PMOD	-	-
8	that	that	IN	IN	-	7	NMOD	-	-
9	assistance	assistance	NN	NN	-	11	NMOD	-	-
10	last	last	JJ	JJ	-	11	NMOD	-	-
11	year	year	NN	NN	-	2	VMOD	-	-
12	.	.	.	.	-	2	P	-	-

1	i	i	PRP	PRP	-	2	SUB	-	-
2	hope	hope	VBP	VBP	-	0	ROOT	-	-
3	the	the	DT	DT	-	5	NMOD	-	-
4	president	president	NNP	NNP	-	5	NMOD	-	-
5	's	's	POS	POS	-	6	NMOD	-	-
6	budget	budget	NN	NN	-	9	SUB	-	-
7	for	for	IN	IN	-	6	NMOD	-	-
8	<num>	<num>	CD	CD	-	7	PMOD	-	-
9	builds	builds	VBZ	VBZ	-	2	VMOD	-	-
10	on	on	IN	IN	-	9	VMOD	-	-
11	that	that	DT	DT	-	12	NMOD	-	-
12	beginning	beginning	NN	NN	-	10	PMOD	-	-
13	.	.	.	.	-	2	P	-	-

1	following	following	VBG	VBG	-	9	VMOD	-	-
2	passage	passage	NN	NN	-	1	PMOD	-	-
3	of	of	IN	IN	-	2	NMOD	-	-
4	clean	clean	JJ	JJ	-	6	NMOD	-	-
5	air	air	NN	NN	-	6	NMOD	-	-
6	legislation	legislation	NN	NN	-	3	PMOD	-	-
7	,	,	,	,	-	9	P	-	-
8	we	we	PRP	PRP	-	9	SUB	-	-
9	will	will	MD	MD	-	0	ROOT	-	-
10	consider	consider	VB	VB	-	9	VC	-	-
11	national	national	JJ	JJ	-	13	NMOD	-	-
12	service	service	NN	NN	-	13	NMOD	-	-
13	legislation	legislation	NN	NN	-	10	OBJ	-	-
14	.	.	.	.	-	9	P	-	-

1	the	the	DT	DT	-	4	NMOD	-	-
2	national	national	JJ	JJ	-	4	NMOD	-	-
3	3ervice	3ervice	NN	NN	-	4	NMOD	-	-
4	concept	concept	NN	NN	-	5	SUB	-	-
5	seeks	seeks	VBZ	VBZ	-	0	ROOT	-	-
6	to	to	TO	TO	-	7	VMOD	-	-
7	reinstate	reinstate	VB	VB	-	5	VMOD	-	-
8	at	at	IN	IN	-	7	VMOD	-	-
9	a	a	DT	DT	-	11	NMOD	-	-
10	national	national	JJ	JJ	-	11	NMOD	-	-
11	level	level	NN	NN	-	8	PMOD	-	-
12	the	the	DT	DT	-	13	NMOD	-	-
13	sense	sense	NN	NN	-	7	OBJ	-	-
14	of	of	IN	IN	-	13	NMOD	-	-
15	community	community	NN	NN	-	20	NMOD	-	-
16	,	,	,	,	-	20	P	-	-
17	participation	participation	NN	NN	-	20	NMOD	-	-
18	,	,	,	,	-	20	P	-	-
19	and	and	CC	CC	-	20	NMOD	-	-
20	self-help	self-help	NN	NN	-	14	PMOD	-	-
21	that	that	WDT	WDT	-	13	NMOD	-	-
22	are	are	VBP	VBP	-	21	SBAR	-	-
23	all	all	DT	DT	-	22	VMOD	-	-
24	part	part	NN	NN	-	22	PRD	-	-
25	of	of	IN	IN	-	24	NMOD	-	-
26	the	the	DT	DT	-	28	NMOD	-	-
27	american	american	JJ	JJ	-	28	NMOD	-	-
28	tradition	tradition	NN	NN	-	25	PMOD	-	-
29	.	.	.	.	-	5	P	-	-

1	national	national	NNP	NNP	-	2	NMOD	-	-
2	service	service	NN	NN	-	3	SUB	-	-
3	will	will	MD	MD	-	0	ROOT	-	-
4	give	give	VB	VB	-	3	VC	-	-
5	our	our	PRP$	PRP$	-	7	NMOD	-	-
6	young	young	JJ	JJ	-	7	NMOD	-	-
7	people	people	NNS	NNS	-	4	OBJ	-	-
8	an	an	DT	DT	-	9	NMOD	-	-
9	opportunity	opportunity	NN	NN	-	4	OBJ	-	-
10	to	to	TO	TO	-	11	VMOD	-	-
11	use	use	VB	VB	-	9	NMOD	-	-
12	their	their	PRP$	PRP$	-	15	NMOD	-	-
13	energy	energy	NN	NN	-	15	NMOD	-	-
14	and	and	CC	CC	-	15	NMOD	-	-
15	ideals	ideals	NNS	NNS	-	11	OBJ	-	-
16	to	to	TO	TO	-	17	VMOD	-	-
17	help	help	VB	VB	-	11	VMOD	-	-
18	the	the	DT	DT	-	20	NMOD	-	-
19	larger	larger	JJR	JJR	-	20	NMOD	-	-
20	society	society	NN	NN	-	17	OBJ	-	-
21	.	.	.	.	-	3	P	-	-

1	it	it	PRP	PRP	-	2	SUB	-	-
2	can	can	MD	MD	-	0	ROOT	-	-
3	give	give	VB	VB	-	2	VC	-	-
4	an	an	DT	DT	-	5	NMOD	-	-
5	alternative	alternative	NN	NN	-	3	OBJ	-	-
6	to	to	TO	TO	-	3	VMOD	-	-
7	that	that	DT	DT	-	8	NMOD	-	-
8	half	half	NN	NN	-	6	PMOD	-	-
9	of	of	IN	IN	-	8	NMOD	-	-
10	our	our	PRP$	PRP$	-	12	NMOD	-	-
11	young	young	JJ	JJ	-	12	NMOD	-	-
12	people	people	NNS	NNS	-	9	PMOD	-	-
13	who	who	WP	WP	-	12	NMOD	-	-
14	do	do	VBP	VBP	-	13	SBAR	-	-
15	not	not	RB	RB	-	14	VMOD	-	-
16	go	go	VB	VB	-	14	VC	-	-
17	to	to	TO	TO	-	16	VMOD	-	-
18	college	college	NN	NN	-	17	PMOD	-	-
19	.	.	.	.	-	2	P	-	-

1	it	it	PRP	PRP	-	2	SUB	-	-
2	will	will	MD	MD	-	18	VMOD	-	-
3	give	give	VB	VB	-	2	VC	-	-
4	them	them	PRP	PRP	-	3	OBJ	-	-
5	a	a	DT	DT	-	6	NMOD	-	-
6	way	way	NN	NN	-	3	OBJ	-	-
7	to	to	TO	TO	-	8	VMOD	-	-
8	make	make	VB	VB	-	6	NMOD	-	-
9	a	a	DT	DT	-	10	NMOD	-	-
10	contribution	contribution	NN	NN	-	8	OBJ	-	-
11	and	and	CC	CC	-	18	VMOD	-	-
12	,	,	,	,	-	18	P	-	-
13	at	at	IN	IN	-	18	VMOD	-	-
14	the	the	DT	DT	-	16	NMOD	-	-
15	same	same	JJ	JJ	-	16	NMOD	-	-
16	time	time	NN	NN	-	13	PMOD	-	-
17	,	,	,	,	-	18	P	-	-
18	earn	earn	VBP	VBP	-	0	ROOT	-	-
19	a	a	DT	DT	-	20	NMOD	-	-
20	stake	stake	NN	NN	-	18	OBJ	-	-
21	in	in	IN	IN	-	20	NMOD	-	-
22	their	their	PRP$	PRP$	-	24	NMOD	-	-
23	own	own	JJ	JJ	-	24	NMOD	-	-
24	education	education	NN	NN	-	28	NMOD	-	-
25	or	or	CC	CC	-	28	NMOD	-	-
26	their	their	PRP$	PRP$	-	28	NMOD	-	-
27	first	first	JJ	JJ	-	28	NMOD	-	-
28	home	home	NN	NN	-	21	PMOD	-	-
29	.	.	.	.	-	18	P	-	-

1	for	for	IN	IN	-	25	VMOD	-	-
2	the	the	DT	DT	-	5	NMOD	-	-
3	many	many	JJ	JJ	-	5	NMOD	-	-
4	young	young	JJ	JJ	-	5	NMOD	-	-
5	people	people	NNS	NNS	-	1	PMOD	-	-
6	who	who	WP	WP	-	5	NMOD	-	-
7	know	know	VBP	VBP	-	6	SBAR	-	-
8	that	that	IN	IN	-	7	VMOD	-	-
9	their	their	PRP$	PRP$	-	10	NMOD	-	-
10	desire	desire	NN	NN	-	14	SUB	-	-
11	to	to	TO	TO	-	12	VMOD	-	-
12	attend	attend	VB	VB	-	10	NMOD	-	-
13	college	college	NN	NN	-	12	OBJ	-	-
14	poses	poses	VBZ	VBZ	-	8	SBAR	-	-
15	an	an	DT	DT	-	18	NMOD	-	-
16	enormous	enormous	JJ	JJ	-	18	NMOD	-	-
17	financial	financial	JJ	JJ	-	18	NMOD	-	-
18	sacrifice	sacrifice	NN	NN	-	14	OBJ	-	-
19	to	to	TO	TO	-	18	NMOD	-	-
20	their	their	PRP$	PRP$	-	21	NMOD	-	-
21	parents	parents	NNS	NNS	-	19	PMOD	-	-
22	,	,	,	,	-	25	P	-	-
23	national	national	JJ	JJ	-	24	NMOD	-	-
24	service	service	NN	NN	-	25	SUB	-	-
25	can	can	MD	MD	-	0	ROOT	-	-
26	be	be	VB	VB	-	25	VC	-	-
27	a	a	DT	DT	-	28	NMOD	-	-
28	way	way	NN	NN	-	26	PRD	-	-
29	to	to	TO	TO	-	30	VMOD	-	-
30	help	help	VB	VB	-	28	NMOD	-	-
31	themselves	themselves	PRP	PRP	-	30	OBJ	-	-
32	,	,	,	,	-	30	P	-	-
33	by	by	IN	IN	-	30	VMOD	-	-
34	earning	earning	VBG	VBG	-	33	PMOD	-	-
35	their	their	PRP$	PRP$	-	37	NMOD	-	-
36	tuition	tuition	NN	NN	-	37	NMOD	-	-
37	costs	costs	NNS	NNS	-	34	OBJ	-	-
38	in	in	IN	IN	-	37	NMOD	-	-
39	advance	advance	NN	NN	-	38	PMOD	-	-
40	of	of	IN	IN	-	39	NMOD	-	-
41	school	school	NN	NN	-	40	PMOD	-	-
42	,	,	,	,	-	26	P	-	-
43	rather	rather	RB	RB	-	44	PMOD	-	-
44	than	than	IN	IN	-	26	VMOD	-	-
45	graduating	graduating	VBG	VBG	-	44	PMOD	-	-
46	with	with	IN	IN	-	45	VMOD	-	-
47	an	an	DT	DT	-	50	NMOD	-	-
48	enormous	enormous	JJ	JJ	-	50	NMOD	-	-
49	debt	debt	NN	NN	-	50	NMOD	-	-
50	load	load	NN	NN	-	46	PMOD	-	-
51	.	.	.	.	-	25	P	-	-

1	most	most	RBS	RBS	-	2	AMOD	-	-
2	important	important	JJ	JJ	-	5	NMOD	-	-
3	,	,	,	,	-	5	P	-	-
4	national	national	JJ	JJ	-	5	NMOD	-	-
5	service	service	NN	NN	-	6	SUB	-	-
6	will	will	MD	MD	-	0	ROOT	-	-
7	show	show	VB	VB	-	6	VC	-	-
8	young	young	JJ	JJ	-	9	NMOD	-	-
9	people	people	NNS	NNS	-	7	OBJ	-	-
10	in	in	IN	IN	-	7	VMOD	-	-
11	very	very	JJ	JJ	-	12	AMOD	-	-
12	direct	direct	JJ	JJ	-	14	AMOD	-	-
13	and	and	CC	CC	-	14	AMOD	-	-
14	practical	practical	JJ	JJ	-	15	NMOD	-	-
15	terms	terms	NNS	NNS	-	10	PMOD	-	-
16	that	that	IN	IN	-	15	NMOD	-	-
17	their	their	PRP$	PRP$	-	18	NMOD	-	-
18	efforts	efforts	NNS	NNS	-	24	NMOD	-	-
19	,	,	,	,	-	24	P	-	-
20	their	their	PRP$	PRP$	-	21	NMOD	-	-
21	talents	talents	NNS	NNS	-	24	NMOD	-	-
22	and	and	CC	CC	-	24	NMOD	-	-
23	their	their	PRP$	PRP$	-	24	NMOD	-	-
24	ideals	ideals	NNS	NNS	-	25	SUB	-	-
25	are	are	VBP	VBP	-	16	SBAR	-	-
26	valued	valued	VBN	VBN	-	25	VC	-	-
27	by	by	IN	IN	-	26	VMOD	-	-
28	their	their	PRP$	PRP$	-	29	NMOD	-	-
29	society	society	NN	NN	-	27	PMOD	-	-
30	and	and	CC	CC	-	26	VMOD	-	-
31	needed	needed	VBN	VBN	-	26	VMOD	-	-
32	by	by	IN	IN	-	31	VMOD	-	-
33	many	many	JJ	JJ	-	34	NMOD	-	-
34	millions	millions	NNS	NNS	-	32	PMOD	-	-
35	of	of	IN	IN	-	34	NMOD	-	-
36	their	their	PRP$	PRP$	-	38	NMOD	-	-
37	fellow	fellow	JJ	JJ	-	38	NMOD	-	-
38	citizens	citizens	NNS	NNS	-	35	PMOD	-	-
39	.	.	.	.	-	6	P	-	-

1	the	the	DT	DT	-	2	NMOD	-	-
2	bill	bill	NN	NN	-	6	SUB	-	-
3	we	we	PRP	PRP	-	4	SUB	-	-
4	will	will	MD	MD	-	2	NMOD	-	-
5	debate	debate	VB	VB	-	4	VC	-	-
6	includes	includes	VBZ	VBZ	-	0	ROOT	-	-
7	a	a	DT	DT	-	10	NMOD	-	-
8	voluntary	voluntary	JJ	JJ	-	10	NMOD	-	-
9	service	service	NN	NN	-	10	NMOD	-	-
10	component	component	NN	NN	-	19	NMOD	-	-
11	,	,	,	,	-	19	P	-	-
12	a	a	DT	DT	-	14	NMOD	-	-
13	conservation	conservation	NN	NN	-	14	NMOD	-	-
14	component	component	NN	NN	-	19	NMOD	-	-
15	,	,	,	,	-	19	P	-	-
16	and	and	CC	CC	-	19	NMOD	-	-
17	a	a	DT	DT	-	19	NMOD	-	-
18	pilot	pilot	NN	NN	-	19	NMOD	-	-
19	program	program	NN	NN	-	6	OBJ	-	-
20	for	for	IN	IN	-	19	NMOD	-	-
21	the	the	DT	DT	-	23	NMOD	-	-
22	core	core	NN	NN	-	23	NMOD	-	-
23	idea	idea	NN	NN	-	20	PMOD	-	-
24	of	of	IN	IN	-	23	NMOD	-	-
25	national	national	JJ	JJ	-	26	NMOD	-	-
26	service	service	NN	NN	-	24	PMOD	-	-
27	in	in	IN	IN	-	26	NMOD	-	-
28	exchange	exchange	NN	NN	-	27	PMOD	-	-
29	for	for	IN	IN	-	28	NMOD	-	-
30	education	education	NN	NN	-	34	NMOD	-	-
31	or	or	CC	CC	-	34	NMOD	-	-
32	home	home	NN	NN	-	34	NMOD	-	-
33	ownership	ownership	NN	NN	-	34	NMOD	-	-
34	credits	credits	NNS	NNS	-	29	PMOD	-	-
35	.	.	.	.	-	6	P	-	-

1	it	it	PRP	PRP	-	2	SUB	-	-
2	is	is	VBZ	VBZ	-	0	ROOT	-	-
3	my	my	PRP$	PRP$	-	4	NMOD	-	-
4	intention	intention	NN	NN	-	2	PRD	-	-
5	also	also	RB	RB	-	2	VMOD	-	-
6	to	to	TO	TO	-	7	VMOD	-	-
7	move	move	VB	VB	-	2	PRD	-	-
8	promptly	promptly	RB	RB	-	7	VMOD	-	-
9	to	to	TO	TO	-	10	VMOD	-	-
10	address	address	VB	VB	-	7	VMOD	-	-
11	the	the	DT	DT	-	13	NMOD	-	-
12	nation	nation	NNP	NNP	-	13	NMOD	-	-
13	's	's	POS	POS	-	16	NMOD	-	-
14	key	key	JJ	JJ	-	16	NMOD	-	-
15	education	education	NN	NN	-	16	NMOD	-	-
16	needs	needs	NNS	NNS	-	10	OBJ	-	-
17	.	.	.	.	-	2	P	-	-

1	our	our	PRP$	PRP$	-	4	NMOD	-	-
2	higher	higher	JJR	JJR	-	4	NMOD	-	-
3	education	education	NN	NN	-	4	NMOD	-	-
4	system	system	NN	NN	-	5	SUB	-	-
5	is	is	VBZ	VBZ	-	0	ROOT	-	-
6	among	among	IN	IN	-	5	VMOD	-	-
7	the	the	DT	DT	-	8	NMOD	-	-
8	finest	finest	JJS	JJS	-	6	PMOD	-	-
9	in	in	IN	IN	-	8	NMOD	-	-
10	the	the	DT	DT	-	11	NMOD	-	-
11	world	world	NN	NN	-	9	PMOD	-	-
12	.	.	.	.	-	5	P	-	-

1	but	but	CC	CC	-	5	VMOD	-	-
2	half	half	DT	DT	-	4	NMOD	-	-
3	our	our	PRP$	PRP$	-	4	NMOD	-	-
4	students	students	NNS	NNS	-	5	SUB	-	-
5	do	do	VBP	VBP	-	0	ROOT	-	-
6	not	not	RB	RB	-	5	VMOD	-	-
7	go	go	VB	VB	-	5	VC	-	-
8	on	on	IN	IN	-	7	VMOD	-	-
9	to	to	TO	TO	-	8	PMOD	-	-
10	higher	higher	JJR	JJR	-	11	NMOD	-	-
11	education	education	NN	NN	-	9	PMOD	-	-
12	.	.	.	.	-	5	P	-	-

1	the	the	DT	DT	-	3	NMOD	-	-
2	education	education	NN	NN	-	3	NMOD	-	-
3	crisis	crisis	NN	NN	-	4	SUB	-	-
4	is	is	VBZ	VBZ	-	12	VMOD	-	-
5	not	not	RB	RB	-	4	VMOD	-	-
6	at	at	IN	IN	-	4	PRD	-	-
7	the	the	DT	DT	-	9	NMOD	-	-
8	college	college	NN	NN	-	9	NMOD	-	-
9	level	level	NN	NN	-	6	PMOD	-	-
10	;	;	:	:	-	12	P	-	-
11	it	it	PRP	PRP	-	12	SUB	-	-
12	is	is	VBZ	VBZ	-	0	ROOT	-	-
13	at	at	IN	IN	-	12	VMOD	-	-
14	the	the	DT	DT	-	18	NMOD	-	-
15	elementary	elementary	JJ	JJ	-	18	NMOD	-	-
16	and	and	CC	CC	-	18	NMOD	-	-
17	secondary	secondary	JJ	JJ	-	18	NMOD	-	-
18	levels	levels	NNS	NNS	-	13	PMOD	-	-
19	,	,	,	,	-	18	P	-	-
20	where	where	WRB	WRB	-	18	NMOD	-	-
21	the	the	DT	DT	-	23	NMOD	-	-
22	basic	basic	JJ	JJ	-	23	NMOD	-	-
23	foundations	foundations	NNS	NNS	-	33	SUB	-	-
24	of	of	IN	IN	-	23	NMOD	-	-
25	literacy	literacy	NN	NN	-	28	NMOD	-	-
26	,	,	,	,	-	28	P	-	-
27	mathematical	mathematical	JJ	JJ	-	28	NMOD	-	-
28	skills	skills	NNS	NNS	-	24	PMOD	-	-
29	,	,	,	,	-	33	P	-	-
30	and	and	CC	CC	-	33	VMOD	-	-
31	learning	learning	NN	NN	-	32	NMOD	-	-
32	skills	skills	NNS	NNS	-	33	SUB	-	-
33	are	are	VBP	VBP	-	20	SBAR	-	-
34	established	established	VBN	VBN	-	33	VC	-	-
35	.	.	.	.	-	12	P	-	-

1	we	we	PRP	PRP	-	2	SUB	-	-
2	will	will	MD	MD	-	0	ROOT	-	-
3	debate	debate	VB	VB	-	2	VC	-	-
4	the	the	DT	DT	-	7	NMOD	-	-
5	educational	educational	NNP	NNP	-	7	NMOD	-	-
6	excellence	excellence	NNP	NNP	-	7	NMOD	-	-
7	act	act	NNP	NNP	-	3	OBJ	-	-
8	,	,	,	,	-	7	P	-	-
9	which	which	WDT	WDT	-	7	NMOD	-	-
10	contains	contains	VBZ	VBZ	-	9	SBAR	-	-
11	the	the	DT	DT	-	13	NMOD	-	-
12	president	president	NNP	NNP	-	13	NMOD	-	-
13	's	's	POS	POS	-	14	NMOD	-	-
14	proposals	proposals	NNS	NNS	-	10	OBJ	-	-
15	to	to	TO	TO	-	16	VMOD	-	-
16	give	give	VB	VB	-	14	NMOD	-	-
17	awards	awards	NNS	NNS	-	16	OBJ	-	-
18	to	to	TO	TO	-	16	VMOD	-	-
19	schools	schools	NNS	NNS	-	21	NMOD	-	-
20	and	and	CC	CC	-	21	NMOD	-	-
21	teachers	teachers	NNS	NNS	-	18	PMOD	-	-
22	for	for	IN	IN	-	16	VMOD	-	-
23	excellence	excellence	NN	NN	-	22	PMOD	-	-
24	,	,	,	,	-	7	P	-	-
25	encourage	encourage	VBP	VBP	-	3	VMOD	-	-
26	innovative	innovative	JJ	JJ	-	28	NMOD	-	-
27	teaching	teaching	NN	NN	-	28	NMOD	-	-
28	methods	methods	NNS	NNS	-	25	OBJ	-	-
29	,	,	,	,	-	3	P	-	-
30	and	and	CC	CC	-	3	VMOD	-	-
31	reduce	reduce	VB	VB	-	3	VMOD	-	-
32	student	student	NN	NN	-	34	NMOD	-	-
33	loan	loan	NN	NN	-	34	NMOD	-	-
34	defaults	defaults	NNS	NNS	-	31	OBJ	-	-
35	.	.	.	.	-	2	P	-	-

1	i	i	PRP	PRP	-	3	SUB	-	-
2	also	also	RB	RB	-	3	VMOD	-	-
3	want	want	VBP	VBP	-	0	ROOT	-	-
4	to	to	TO	TO	-	5	VMOD	-	-
5	consider	consider	VB	VB	-	3	VMOD	-	-
6	the	the	DT	DT	-	9	NMOD	-	-
7	national	national	NNP	NNP	-	9	NMOD	-	-
8	literacy	literacy	NNP	NNP	-	9	NMOD	-	-
9	act	act	NNP	NNP	-	5	OBJ	-	-
10	,	,	,	,	-	9	P	-	-
11	which	which	WDT	WDT	-	9	NMOD	-	-
12	is	is	VBZ	VBZ	-	11	SBAR	-	-
13	designed	designed	VBN	VBN	-	12	VC	-	-
14	to	to	TO	TO	-	15	VMOD	-	-
15	eliminate	eliminate	VB	VB	-	13	VMOD	-	-
16	illiteracy	illiteracy	NN	NN	-	15	OBJ	-	-
17	in	in	IN	IN	-	15	VMOD	-	-
18	this	this	DT	DT	-	19	NMOD	-	-
19	nation	nation	NN	NN	-	17	PMOD	-	-
20	by	by	IN	IN	-	15	VMOD	-	-
21	the	the	DT	DT	-	22	NMOD	-	-
22	year	year	NN	NN	-	20	PMOD	-	-
23	<num>	<num>	CD	CD	-	22	NMOD	-	-
24	.	.	.	.	-	3	P	-	-

1	no	no	DT	DT	-	3	NMOD	-	-
2	single	single	JJ	JJ	-	3	NMOD	-	-
3	action	action	NN	NN	-	4	SUB	-	-
4	is	is	VBZ	VBZ	-	0	ROOT	-	-
5	more	more	RBR	RBR	-	6	AMOD	-	-
6	critical	critical	JJ	JJ	-	4	PRD	-	-
7	to	to	TO	TO	-	6	AMOD	-	-
8	our	our	PRP$	PRP$	-	11	NMOD	-	-
9	future	future	JJ	JJ	-	11	NMOD	-	-
10	economic	economic	JJ	JJ	-	11	NMOD	-	-
11	security	security	NN	NN	-	7	PMOD	-	-
12	.	.	.	.	-	4	P	-	-

1	by	by	IN	IN	-	10	VMOD	-	-
2	the	the	DT	DT	-	3	NMOD	-	-
3	end	end	NN	NN	-	1	PMOD	-	-
4	of	of	IN	IN	-	3	NMOD	-	-
5	the	the	DT	DT	-	6	NMOD	-	-
6	century	century	NN	NN	-	4	PMOD	-	-
7	,	,	,	,	-	10	P	-	-
8	adequate	adequate	JJ	JJ	-	9	NMOD	-	-
9	literacy	literacy	NN	NN	-	10	SUB	-	-
10	will	will	MD	MD	-	0	ROOT	-	-
11	be	be	VB	VB	-	10	VC	-	-
12	an	an	DT	DT	-	14	NMOD	-	-
13	essential	essential	JJ	JJ	-	14	NMOD	-	-
14	precondition	precondition	NN	NN	-	11	PRD	-	-
15	to	to	TO	TO	-	14	NMOD	-	-
16	living	living	VBG	VBG	-	15	PMOD	-	-
17	in	in	IN	IN	-	16	VMOD	-	-
18	our	our	PRP$	PRP$	-	19	NMOD	-	-
19	society	society	NN	NN	-	17	PMOD	-	-
20	.	.	.	.	-	10	P	-	-

1	only	only	RB	RB	-	3	NMOD	-	-
2	<num>	<num>	CD	CD	-	1	AMOD	-	-
3	percent	percent	NN	NN	-	9	SUB	-	-
4	of	of	IN	IN	-	3	NMOD	-	-
5	the	the	DT	DT	-	6	NMOD	-	-
6	jobs	jobs	NNS	NNS	-	4	PMOD	-	-
7	available	available	JJ	JJ	-	6	NMOD	-	-
8	then	then	RB	RB	-	7	AMOD	-	-
9	will	will	MD	MD	-	0	ROOT	-	-
10	be	be	VB	VB	-	9	VC	-	-
11	adequately	adequately	RB	RB	-	12	VMOD	-	-
12	performed	performed	VBN	VBN	-	10	VC	-	-
13	by	by	IN	IN	-	12	VMOD	-	-
14	high	high	JJ	JJ	-	16	NMOD	-	-
15	school	school	NN	NN	-	16	NMOD	-	-
16	graduates	graduates	NNS	NNS	-	13	PMOD	-	-
17	.	.	.	.	-	9	P	-	-

1	most	most	JJS	JJS	-	2	NMOD	-	-
2	jobs	jobs	NNS	NNS	-	3	SUB	-	-
3	will	will	MD	MD	-	0	ROOT	-	-
4	need	need	VB	VB	-	3	VC	-	-
5	higher	higher	JJR	JJR	-	6	NMOD	-	-
6	skills	skills	NNS	NNS	-	4	OBJ	-	-
7	.	.	.	.	-	3	P	-	-

1	brt	brt	NNP	NNP	-	3	NMOD	-	-
2	<num>	<num>	CD	CD	-	3	NMOD	-	-
3	percent	percent	NN	NN	-	11	SUB	-	-
4	of	of	IN	IN	-	3	NMOD	-	-
5	new	new	JJ	JJ	-	7	NMOD	-	-
6	job	job	NN	NN	-	7	NMOD	-	-
7	seekers	seekers	NNS	NNS	-	4	PMOD	-	-
8	at	at	IN	IN	-	7	NMOD	-	-
9	that	that	DT	DT	-	10	NMOD	-	-
10	time	time	NN	NN	-	8	PMOD	-	-
11	will	will	MD	MD	-	0	ROOT	-	-
12	be	be	VB	VB	-	11	VC	-	-
13	minorities	minorities	NNS	NNS	-	18	NMOD	-	-
14	,	,	,	,	-	18	P	-	-
15	immigrants	immigrants	NNS	NNS	-	18	NMOD	-	-
16	,	,	,	,	-	18	P	-	-
17	and	and	CC	CC	-	18	NMOD	-	-
18	women	women	NNS	NNS	-	12	PRD	-	-
19	.	.	.	.	-	11	P	-	-

1	if	if	IN	IN	-	15	VMOD	-	-
2	we	we	PRP	PRP	-	3	SUB	-	-
3	have	have	VBP	VBP	-	1	SBAR	-	-
4	not	not	RB	RB	-	3	VMOD	-	-
5	substantially	substantially	RB	RB	-	6	VMOD	-	-
6	improved	improved	VBN	VBN	-	3	VC	-	-
7	our	our	PRP$	PRP$	-	9	NMOD	-	-
8	literacy	literacy	NN	NN	-	9	NMOD	-	-
9	levels	levels	NNS	NNS	-	6	OBJ	-	-
10	by	by	IN	IN	-	6	VMOD	-	-
11	that	that	DT	DT	-	12	NMOD	-	-
12	time	time	NN	NN	-	10	PMOD	-	-
13	,	,	,	,	-	15	P	-	-
14	we	we	PRP	PRP	-	15	SUB	-	-
15	risk	risk	VBP	VBP	-	0	ROOT	-	-
16	seeing	seeing	VBG	VBG	-	15	VC	-	-
17	those	those	DT	DT	-	18	NMOD	-	-
18	jobs	jobs	NNS	NNS	-	19	SUB	-	-
19	exported	exported	VBD	VBD	-	16	VMOD	-	-
20	overseas	overseas	RB	RB	-	19	VMOD	-	-
21	.	.	.	.	-	15	P	-	-

1	for	for	IN	IN	-	7	VMOD	-	-
2	the	the	DT	DT	-	4	NMOD	-	-
3	last	last	JJ	JJ	-	4	NMOD	-	-
4	decade	decade	NN	NN	-	1	PMOD	-	-
5	,	,	,	,	-	7	P	-	-
6	we	we	PRP	PRP	-	7	SUB	-	-
7	have	have	VBP	VBP	-	0	ROOT	-	-
8	read	read	VBN	VBN	-	7	VC	-	-
9	reports	reports	NNS	NNS	-	11	NMOD	-	-
10	and	and	CC	CC	-	11	NMOD	-	-
11	analyses	analyses	NNS	NNS	-	8	OBJ	-	-
12	of	of	IN	IN	-	11	NMOD	-	-
13	the	the	DT	DT	-	14	NMOD	-	-
14	shortcomings	shortcomings	NNS	NNS	-	12	PMOD	-	-
15	in	in	IN	IN	-	8	VMOD	-	-
16	basic	basic	JJ	JJ	-	18	NMOD	-	-
17	educational	educational	JJ	JJ	-	18	NMOD	-	-
18	achievement	achievement	NN	NN	-	15	PMOD	-	-
19	in	in	IN	IN	-	18	NMOD	-	-
20	our	our	PRP$	PRP$	-	21	NMOD	-	-
21	country	country	NN	NN	-	19	PMOD	-	-
22	.	.	.	.	-	7	P	-	-

1	it	it	PRP	PRP	-	2	SUB	-	-
2	is	is	VBZ	VBZ	-	0	ROOT	-	-
3	time	time	NN	NN	-	2	PRD	-	-
4	to	to	TO	TO	-	5	VMOD	-	-
5	act	act	VB	VB	-	3	NMOD	-	-
6	on	on	IN	IN	-	5	VMOD	-	-
7	what	what	WP	WP	-	18	NMOD	-	-
8	we	we	PRP	PRP	-	9	SUB	-	-
9	know	know	VBP	VBP	-	7	SBAR	-	-
10	,	,	,	,	-	18	P	-	-
11	both	both	DT	DT	-	18	NMOD	-	-
12	as	as	RB	RB	-	18	NMOD	-	-
13	to	to	TO	TO	-	12	AMOD	-	-
14	shortcomings	shortcomings	NNS	NNS	-	13	PMOD	-	-
15	and	and	CC	CC	-	18	NMOD	-	-
16	the	the	DT	DT	-	18	NMOD	-	-
17	best	best	JJS	JJS	-	18	NMOD	-	-
18	way	way	NN	NN	-	6	PMOD	-	-
19	to	to	TO	TO	-	20	VMOD	-	-
20	correct	correct	VB	VB	-	18	NMOD	-	-
21	them	them	PRP	PRP	-	20	OBJ	-	-
22	.	.	.	.	-	2	P	-	-

1	we	we	PRP	PRP	-	2	SUB	-	-
2	know	know	VBP	VBP	-	40	VMOD	-	-
3	that	that	IN	IN	-	2	VMOD	-	-
4	a	a	DT	DT	-	5	NMOD	-	-
5	third	third	JJ	JJ	-	13	SUB	-	-
6	of	of	IN	IN	-	5	NMOD	-	-
7	our	our	PRP$	PRP$	-	11	NMOD	-	-
8	math	math	NN	NN	-	11	NMOD	-	-
9	and	and	CC	CC	-	11	NMOD	-	-
10	science	science	NN	NN	-	11	NMOD	-	-
11	teachers	teachers	NNS	NNS	-	6	PMOD	-	-
12	today	today	NN	NN	-	5	NMOD	-	-
13	are	are	VBP	VBP	-	3	SBAR	-	-
14	unqualified	unqualified	JJ	JJ	-	13	PRD	-	-
15	to	to	TO	TO	-	16	VMOD	-	-
16	teach	teach	VB	VB	-	14	AMOD	-	-
17	in	in	IN	IN	-	16	VMOD	-	-
18	those	those	DT	DT	-	19	NMOD	-	-
19	subjects	subjects	NNS	NNS	-	17	PMOD	-	-
20	;	;	:	:	-	40	P	-	-
21	we	we	PRP	PRP	-	22	SUB	-	-
22	know	know	VBP	VBP	-	40	VMOD	-	-
23	we	we	PRP	PRP	-	24	SUB	-	-
24	face	face	VBP	VBP	-	22	VMOD	-	-
25	a	a	DT	DT	-	26	NMOD	-	-
26	shortfall	shortfall	NN	NN	-	24	OBJ	-	-
27	of	of	IN	IN	-	26	NMOD	-	-
28	teachers	teachers	NNS	NNS	-	27	PMOD	-	-
29	in	in	IN	IN	-	26	NMOD	-	-
30	the	the	DT	DT	-	32	NMOD	-	-
31	next	next	JJ	JJ	-	32	NMOD	-	-
32	decade	decade	NN	NN	-	29	PMOD	-	-
33	that	that	WDT	WDT	-	26	NMOD	-	-
34	could	could	MD	MD	-	33	SBAR	-	-
35	reach	reach	VB	VB	-	34	VC	-	-
36	<num>	<num>	CD	CD	-	37	AMOD	-	-
37	million	million	CD	CD	-	35	OBJ	-	-
38	,	,	,	,	-	40	P	-	-
39	we	we	PRP	PRP	-	40	SUB	-	-
40	know	know	VBP	VBP	-	0	ROOT	-	-
41	american	american	JJ	JJ	-	42	NMOD	-	-
42	children	children	NNS	NNS	-	43	SUB	-	-
43	score	score	VBP	VBP	-	40	VMOD	-	-
44	consistently	consistently	RB	RB	-	45	AMOD	-	-
45	lower	lower	JJR	JJR	-	43	VMOD	-	-
46	on	on	IN	IN	-	45	AMOD	-	-
47	math	math	NN	NN	-	50	NMOD	-	-
48	and	and	CC	CC	-	50	NMOD	-	-
49	science	science	NN	NN	-	50	NMOD	-	-
50	tests	tests	NNS	NNS	-	46	PMOD	-	-
51	than	than	IN	IN	-	45	AMOD	-	-
52	children	children	NNS	NNS	-	51	PMOD	-	-
53	from	from	IN	IN	-	52	NMOD	-	-
54	asian	asian	JJ	JJ	-	56	AMOD	-	-
55	and	and	CC	CC	-	56	AMOD	-	-
56	european	european	JJ	JJ	-	57	NMOD	-	-
57	countries	countries	NNS	NNS	-	53	PMOD	-	-
58	.	.	.	.	-	40	P	-	-

1	we	we	PRP	PRP	-	2	SUB	-	-
2	know	know	VBP	VBP	-	0	ROOT	-	-
3	reading	reading	NN	NN	-	6	NMOD	-	-
4	and	and	CC	CC	-	6	NMOD	-	-
5	writing	writing	NN	NN	-	6	NMOD	-	-
6	skills	skills	NNS	NNS	-	7	SUB	-	-
7	need	need	VBP	VBP	-	2	VMOD	-	-
8	substantial	substantial	JJ	JJ	-	9	NMOD	-	-
9	improvement	improvement	NN	NN	-	7	OBJ	-	-
10	.	.	.	.	-	2	P	-	-

1	we	we	PRP	PRP	-	3	SUB	-	-
2	also	also	RB	RB	-	3	VMOD	-	-
3	know	know	VBP	VBP	-	0	ROOT	-	-
4	that	that	IN	IN	-	3	VMOD	-	-
5	early	early	JJ	JJ	-	6	NMOD	-	-
6	intervention	intervention	NN	NN	-	8	SUB	-	-
7	and	and	CC	CC	-	6	NMOD	-	-
8	focused	focused	VBD	VBD	-	4	SBAR	-	-
9	resources	resources	NNS	NNS	-	10	NMOD	-	-
10	help	help	NN	NN	-	8	OBJ	-	-
11	.	.	.	.	-	3	P	-	-

1	we	we	PRP	PRP	-	2	SUB	-	-
2	know	know	VBP	VBP	-	37	VMOD	-	-
3	that	that	DT	DT	-	5	NMOD	-	-
4	extra	extra	JJ	JJ	-	5	NMOD	-	-
5	help	help	NN	NN	-	12	SUB	-	-
6	to	to	TO	TO	-	5	NMOD	-	-
7	the	the	DT	DT	-	11	NMOD	-	-
8	disadvantaged	disadvantaged	VBN	VBN	-	11	NMOD	-	-
9	in	in	IN	IN	-	8	VMOD	-	-
10	elementary	elementary	JJ	JJ	-	11	NMOD	-	-
11	schools	schools	NNS	NNS	-	6	PMOD	-	-
12	raises	raises	VBZ	VBZ	-	37	VMOD	-	-
13	educational	educational	JJ	JJ	-	15	NMOD	-	-
14	achievement	achievement	NN	NN	-	15	NMOD	-	-
15	levels	levels	NNS	NNS	-	12	OBJ	-	-
16	in	in	IN	IN	-	15	NMOD	-	-
17	high	high	JJ	JJ	-	18	NMOD	-	-
18	january	january	NNP	NNP	-	16	PMOD	-	-
19	<num>	<num>	CD	CD	-	18	NMOD	-	-
20	,	,	,	,	-	18	P	-	-
21	<num>	<num>	CD	CD	-	18	NMOD	-	-
22	january	january	NNP	NNP	-	18	DEP	-	-
23	<num>	<num>	CD	CD	-	22	NMOD	-	-
24	,	,	,	,	-	12	P	-	-
25	<num>	<num>	CD	CD	-	27	NMOD	-	-
26	co	co	JJ	JJ	-	27	NMOD	-	-
27	schools	schools	NNS	NNS	-	12	OBJ	-	-
28	;	;	:	:	-	37	P	-	-
29	we	we	PRP	PRP	-	30	SUB	-	-
30	know	know	VBP	VBP	-	37	VMOD	-	-
31	head	head	NNP	NNP	-	32	NMOD	-	-
32	start	start	NNP	NNP	-	36	NMOD	-	-
33	and	and	CC	CC	-	36	NMOD	-	-
34	other	other	JJ	JJ	-	36	NMOD	-	-
35	enrichment	enrichment	NN	NN	-	36	NMOD	-	-
36	programs	programs	NNS	NNS	-	37	SUB	-	-
37	bring	bring	VBP	VBP	-	0	ROOT	-	-
38	gains	gains	NNS	NNS	-	37	OBJ	-	-
39	that	that	WDT	WDT	-	38	NMOD	-	-
40	continue	continue	VBP	VBP	-	39	SBAR	-	-
41	through	through	IN	IN	-	40	VMOD	-	-
42	a	a	DT	DT	-	44	NMOD	-	-
43	child	child	NN	NN	-	44	NMOD	-	-
44	's	's	POS	POS	-	46	NMOD	-	-
45	school	school	NN	NN	-	46	NMOD	-	-
46	life	life	NN	NN	-	41	PMOD	-	-
47	.	.	.	.	-	37	P	-	-

1	this	this	DT	DT	-	2	NMOD	-	-
2	year	year	NN	NN	-	5	VMOD	-	-
3	,	,	,	,	-	5	P	-	-
4	it	it	PRP	PRP	-	5	SUB	-	-
5	is	is	VBZ	VBZ	-	0	ROOT	-	-
6	time	time	NN	NN	-	5	PRD	-	-
7	to	to	TO	TO	-	8	VMOD	-	-
8	put	put	VB	VB	-	6	NMOD	-	-
9	what	what	WP	WP	-	8	VMOD	-	-
10	we	we	PRP	PRP	-	11	SUB	-	-
11	know	know	VBP	VBP	-	9	SBAR	-	-
12	is	is	VBZ	VBZ	-	11	VMOD	-	-
13	needed	needed	VBN	VBN	-	12	VC	-	-
14	together	together	RB	RB	-	13	VMOD	-	-
15	with	with	IN	IN	-	13	VMOD	-	-
16	what	what	WP	WP	-	15	PMOD	-	-
17	we	we	PRP	PRP	-	18	SUB	-	-
18	know	know	VBP	VBP	-	16	SBAR	-	-
19	will	will	MD	MD	-	18	VMOD	-	-
20	make	make	VB	VB	-	19	VC	-	-
21	a	a	DT	DT	-	22	NMOD	-	-
22	difference	difference	NN	NN	-	20	OBJ	-	-
23	,	,	,	,	-	20	P	-	-
24	and	and	CC	CC	-	20	VMOD	-	-
25	get	get	VB	VB	-	20	VMOD	-	-
26	our	our	PRP$	PRP$	-	28	NMOD	-	-
27	school	school	NN	NN	-	28	NMOD	-	-
28	system	system	NN	NN	-	25	OBJ	-	-
29	back	back	RB	RB	-	25	VMOD	-	-
30	on	on	IN	IN	-	29	AMOD	-	-
31	track	track	NN	NN	-	30	PMOD	-	-
32	.	.	.	.	-	5	P	-	-

1	after	after	IN	IN	-	14	VMOD	-	-
2	a	a	DT	DT	-	3	NMOD	-	-
3	decade	decade	NN	NN	-	1	PMOD	-	-
4	of	of	IN	IN	-	3	NMOD	-	-
5	reports	reports	NNS	NNS	-	7	NMOD	-	-
6	and	and	CC	CC	-	7	NMOD	-	-
7	rhetoric	rhetoric	NN	NN	-	4	PMOD	-	-
8	,	,	,	,	-	14	P	-	-
9	americans	americans	NNS	NNS	-	10	SUB	-	-
10	expect	expect	VBP	VBP	-	14	VMOD	-	-
11	action	action	NN	NN	-	10	OBJ	-	-
12	and	and	CC	CC	-	14	VMOD	-	-
13	i	i	PRP	PRP	-	14	SUB	-	-
14	think	think	VBP	VBP	-	0	ROOT	-	-
15	we	we	PRP	PRP	-	16	SUB	-	-
16	should	should	MD	MD	-	14	VMOD	-	-
17	provide	provide	VB	VB	-	16	VC	-	-
18	it	it	PRP	PRP	-	17	OBJ	-	-
19	.	.	.	.	-	14	P	-	-

1	americans	americans	NNPS	NNPS	-	3	SUB	-	-
2	also	also	RB	RB	-	3	VMOD	-	-
3	expect	expect	VBP	VBP	-	0	ROOT	-	-
4	action	action	NN	NN	-	3	OBJ	-	-
5	on	on	IN	IN	-	4	NMOD	-	-
6	child	child	NN	NN	-	8	NMOD	-	-
7	care	care	NN	NN	-	8	NMOD	-	-
8	legislation	legislation	NN	NN	-	5	PMOD	-	-
9	.	.	.	.	-	3	P	-	-

1	i	i	PRP	PRP	-	2	SUB	-	-
2	hope	hope	VBP	VBP	-	0	ROOT	-	-
3	the	the	DT	DT	-	4	NMOD	-	-
4	differences	differences	NNS	NNS	-	6	SUB	-	-
5	there	there	RB	RB	-	4	NMOD	-	-
6	can	can	MD	MD	-	2	VMOD	-	-
7	be	be	VB	VB	-	6	VC	-	-
8	worked	worked	VBN	VBN	-	7	VC	-	-
9	out	out	RP	RP	-	8	VMOD	-	-
10	shortly	shortly	RB	RB	-	8	VMOD	-	-
11	so	so	RB	RB	-	12	DEP	-	-
12	that	that	IN	IN	-	8	VMOD	-	-
13	a	a	DT	DT	-	15	NMOD	-	-
14	final	final	JJ	JJ	-	15	NMOD	-	-
15	form	form	NN	NN	-	19	SUB	-	-
16	of	of	IN	IN	-	15	NMOD	-	-
17	this	this	DT	DT	-	18	NMOD	-	-
18	bill	bill	NN	NN	-	16	PMOD	-	-
19	can	can	MD	MD	-	12	SBAR	-	-
20	be	be	VB	VB	-	19	VC	-	-
21	voted	voted	VBN	VBN	-	20	VC	-	-
22	upon	upon	IN	IN	-	21	VMOD	-	-
23	and	and	CC	CC	-	21	VMOD	-	-
24	sent	sent	VBD	VBD	-	21	VMOD	-	-
25	to	to	TO	TO	-	24	VMOD	-	-
26	the	the	DT	DT	-	27	NMOD	-	-
27	president	president	NNP	NNP	-	25	PMOD	-	-
28	.	.	.	.	-	2	P	-	-

1	working	working	JJ	JJ	-	2	NMOD	-	-
2	parents	parents	NNS	NNS	-	3	SUB	-	-
3	need	need	VBP	VBP	-	12	VMOD	-	-
4	affordable	affordable	JJ	JJ	-	5	NMOD	-	-
5	care	care	NN	NN	-	3	OBJ	-	-
6	for	for	IN	IN	-	3	VMOD	-	-
7	their	their	PRP$	PRP$	-	8	NMOD	-	-
8	children	children	NNS	NNS	-	6	PMOD	-	-
9	but	but	CC	CC	-	12	VMOD	-	-
10	they	they	PRP	PRP	-	12	SUB	-	-
11	also	also	RB	RB	-	12	VMOD	-	-
12	want	want	VBP	VBP	-	0	ROOT	-	-
13	quality	quality	NN	NN	-	14	NMOD	-	-
14	care	care	NN	NN	-	12	OBJ	-	-
15	.	.	.	.	-	12	P	-	-

1	the	the	DT	DT	-	2	NMOD	-	-
2	congress	congress	NNP	NNP	-	3	SUB	-	-
3	should	should	MD	MD	-	0	ROOT	-	-
4	pass	pass	VB	VB	-	3	VC	-	-
5	a	a	DT	DT	-	6	NMOD	-	-
6	bill	bill	NN	NN	-	4	OBJ	-	-
7	to	to	TO	TO	-	8	VMOD	-	-
8	ensure	ensure	VB	VB	-	6	NMOD	-	-
9	both	both	DT	DT	-	8	OBJ	-	-
10	.	.	.	.	-	3	P	-	-

1	those	those	DT	DT	-	4	NMOD	-	-
2	immediate	immediate	JJ	JJ	-	4	NMOD	-	-
3	concerns-clean	concerns-clean	JJ	JJ	-	4	NMOD	-	-
4	air	air	NN	NN	-	13	NMOD	-	-
5	,	,	,	,	-	13	P	-	-
6	national	national	JJ	JJ	-	7	NMOD	-	-
7	service	service	NN	NN	-	13	AMOD	-	-
8	,	,	,	,	-	13	P	-	-
9	crime	crime	NN	NN	-	10	NMOD	-	-
10	legislation	legislation	NN	NN	-	13	AMOD	-	-
11	,	,	,	,	-	13	P	-	-
12	and	and	CC	CC	-	13	AMOD	-	-
13	education	education	NN	NN	-	14	NMOD	-	-
14	reform	reform	NN	NN	-	15	SUB	-	-
15	measures-are	measures-are	VBZ	VBZ	-	0	ROOT	-	-
16	a	a	DT	DT	-	18	NMOD	-	-
17	good	good	JJ	JJ	-	18	NMOD	-	-
18	start	start	NN	NN	-	15	OBJ	-	-
19	for	for	IN	IN	-	18	NMOD	-	-
20	our	our	PRP$	PRP$	-	21	NMOD	-	-
21	work	work	NN	NN	-	23	NMOD	-	-
22	this	this	DT	DT	-	23	NMOD	-	-
23	year	year	NN	NN	-	19	PMOD	-	-
24	.	.	.	.	-	15	P	-	-

1	but	but	CC	CC	-	3	VMOD	-	-
2	they	they	PRP	PRP	-	3	SUB	-	-
3	do	do	VBP	VBP	-	0	ROOT	-	-
4	not	not	RB	RB	-	3	VMOD	-	-
5	exhaust	exhaust	VB	VB	-	3	VC	-	-
6	our	our	PRP$	PRP$	-	7	NMOD	-	-
7	agenda	agenda	NN	NN	-	5	OBJ	-	-
8	.	.	.	.	-	3	P	-	-

1	one	one	CD	CD	-	2	NMOD	-	-
2	issue	issue	NN	NN	-	10	SUB	-	-
3	of	of	IN	IN	-	2	NMOD	-	-
4	particular	particular	JJ	JJ	-	5	NMOD	-	-
5	importance	importance	NN	NN	-	3	PMOD	-	-
6	to	to	TO	TO	-	5	NMOD	-	-
7	all	all	DT	DT	-	6	PMOD	-	-
8	of	of	IN	IN	-	7	NMOD	-	-
9	us	us	PRP	PRP	-	8	PMOD	-	-
10	is	is	VBZ	VBZ	-	0	ROOT	-	-
11	campaign	campaign	NN	NN	-	13	NMOD	-	-
12	finance	finance	NN	NN	-	13	NMOD	-	-
13	reform	reform	NN	NN	-	10	PRD	-	-
14	.	.	.	.	-	10	P	-	-

1	it	it	PRP	PRP	-	2	SUB	-	-
2	is	is	VBZ	VBZ	-	0	ROOT	-	-
3	evident	evident	JJ	JJ	-	2	PRD	-	-
4	that	that	IN	IN	-	2	VMOD	-	-
5	if	if	IN	IN	-	20	VMOD	-	-
6	we	we	PRP	PRP	-	7	SUB	-	-
7	do	do	VBP	VBP	-	5	SBAR	-	-
8	not	not	RB	RB	-	7	VMOD	-	-
9	reform	reform	VB	VB	-	7	VC	-	-
10	the	the	DT	DT	-	11	NMOD	-	-
11	manner	manner	NN	NN	-	9	OBJ	-	-
12	in	in	IN	IN	-	11	NMOD	-	-
13	which	which	WDT	WDT	-	12	PMOD	-	-
14	election	election	NN	NN	-	15	NMOD	-	-
15	campaigns	campaigns	NNS	NNS	-	16	SUB	-	-
16	are	are	VBP	VBP	-	12	SBAR	-	-
17	financed	financed	VBN	VBN	-	16	VC	-	-
18	,	,	,	,	-	20	P	-	-
19	we	we	PRP	PRP	-	20	SUB	-	-
20	will	will	MD	MD	-	4	SBAR	-	-
21	forfeit	forfeit	VB	VB	-	20	VC	-	-
22	the	the	DT	DT	-	23	NMOD	-	-
23	trust	trust	NN	NN	-	21	OBJ	-	-
24	of	of	IN	IN	-	23	NMOD	-	-
25	the	the	DT	DT	-	27	NMOD	-	-
26	american	american	JJ	JJ	-	27	NMOD	-	-
27	people	people	NNS	NNS	-	24	PMOD	-	-
28	.	.	.	.	-	2	P	-	-

1	the	the	DT	DT	-	3	NMOD	-	-
2	enormous	enormous	JJ	JJ	-	3	NMOD	-	-
3	costs	costs	NNS	NNS	-	6	SUB	-	-
4	of	of	IN	IN	-	3	NMOD	-	-
5	campaigning	campaigning	NN	NN	-	4	PMOD	-	-
6	are	are	VBP	VBP	-	0	ROOT	-	-
7	making	making	VBG	VBG	-	6	VC	-	-
8	it	it	PRP	PRP	-	12	SUB	-	-
9	more	more	JJR	JJR	-	12	AMOD	-	-
10	and	and	CC	CC	-	12	AMOD	-	-
11	more	more	RBR	RBR	-	12	AMOD	-	-
12	difficult	difficult	JJ	JJ	-	7	VMOD	-	-
13	for	for	IN	IN	-	7	VMOD	-	-
14	any	any	DT	DT	-	15	NMOD	-	-
15	other	other	JJ	JJ	-	13	PMOD	-	-
16	than	than	IN	IN	-	15	NMOD	-	-
17	the	the	DT	DT	-	19	NMOD	-	-
18	very	very	RB	RB	-	19	AMOD	-	-
19	wealthy	wealthy	JJ	JJ	-	16	PMOD	-	-
20	to	to	TO	TO	-	21	VMOD	-	-
21	contemplate	contemplate	VB	VB	-	19	AMOD	-	-
22	serving	serving	VBG	VBG	-	21	VMOD	-	-
23	in	in	IN	IN	-	22	VMOD	-	-
24	the	the	DT	DT	-	25	NMOD	-	-
25	congress	congress	NNP	NNP	-	23	PMOD	-	-
26	.	.	.	.	-	6	P	-	-

1	the	the	DT	DT	-	2	NMOD	-	-
2	demands	demands	NNS	NNS	-	6	SUB	-	-
3	of	of	IN	IN	-	2	NMOD	-	-
4	election	election	NN	NN	-	5	NMOD	-	-
5	campaigns	campaigns	NNS	NNS	-	3	PMOD	-	-
6	force	force	VBP	VBP	-	0	ROOT	-	-
7	far	far	RB	RB	-	6	VMOD	-	-
8	too	too	RB	RB	-	10	NMOD	-	-
9	much	much	JJ	JJ	-	10	NMOD	-	-
10	attention	attention	NN	NN	-	12	SUB	-	-
11	to	to	TO	TO	-	12	VMOD	-	-
12	be	be	VB	VB	-	6	VMOD	-	-
13	paid	paid	VBN	VBN	-	12	VC	-	-
14	to	to	TO	TO	-	13	VMOD	-	-
15	fundraising	fundraising	JJ	JJ	-	16	NMOD	-	-
16	activities	activities	NNS	NNS	-	14	PMOD	-	-
17	.	.	.	.	-	6	P	-	-

1	the	the	DT	DT	-	2	NMOD	-	-
2	appearance	appearance	NN	NN	-	3	SUB	-	-
3	is	is	VBZ	VBZ	-	0	ROOT	-	-
4	one	one	CD	CD	-	3	PRD	-	-
5	that	that	IN	IN	-	4	NMOD	-	-
6	undermines	undermines	VBZ	VBZ	-	5	SBAR	-	-
7	confidence	confidence	NN	NN	-	6	OBJ	-	-
8	in	in	IN	IN	-	7	NMOD	-	-
9	congress	congress	NNP	NNP	-	8	PMOD	-	-
10	.	.	.	.	-	3	P	-	-

1	the	the	DT	DT	-	2	NMOD	-	-
2	reality	reality	NN	NN	-	3	SUB	-	-
3	is	is	VBZ	VBZ	-	0	ROOT	-	-
4	one	one	CD	CD	-	3	PRD	-	-
5	that	that	IN	IN	-	4	NMOD	-	-
6	distorts	distorts	VBZ	VBZ	-	5	SBAR	-	-
7	congress	congress	NNP	NNP	-	8	NMOD	-	-
8	'	'	POS	POS	-	9	NMOD	-	-
9	ability	ability	NN	NN	-	6	OBJ	-	-
10	to	to	TO	TO	-	11	VMOD	-	-
11	function	function	VB	VB	-	9	NMOD	-	-
12	.	.	.	.	-	3	P	-	-

1	campaign	campaign	NNP	NNP	-	3	NMOD	-	-
2	finance	finance	NN	NN	-	3	NMOD	-	-
3	reform	reform	NN	NN	-	4	SUB	-	-
4	is	is	VBZ	VBZ	-	0	ROOT	-	-
5	a	a	DT	DT	-	6	NMOD	-	-
6	goal	goal	NN	NN	-	4	PRD	-	-
7	i	i	PRP	PRP	-	8	SUB	-	-
8	have	have	VBP	VBP	-	6	NMOD	-	-
9	pursued	pursued	VBN	VBN	-	8	VC	-	-
10	for	for	IN	IN	-	9	VMOD	-	-
11	<num>	<num>	CD	CD	-	12	NMOD	-	-
12	years	years	NNS	NNS	-	10	PMOD	-	-
13	.	.	.	.	-	4	P	-	-

1	i	i	PRP	PRP	-	2	SUB	-	-
2	shall	shall	MD	MD	-	11	VMOD	-	-
3	continue	continue	VB	VB	-	2	VC	-	-
4	to	to	TO	TO	-	5	VMOD	-	-
5	press	press	VB	VB	-	3	VMOD	-	-
6	for	for	IN	IN	-	5	VMOD	-	-
7	it	it	PRP	PRP	-	6	PMOD	-	-
8	,	,	,	,	-	11	P	-	-
9	and	and	CC	CC	-	11	VMOD	-	-
10	i	i	PRP	PRP	-	11	SUB	-	-
11	hope	hope	VBP	VBP	-	0	ROOT	-	-
12	that	that	IN	IN	-	11	VMOD	-	-
13	this	this	DT	DT	-	14	NMOD	-	-
14	year	year	NN	NN	-	16	VMOD	-	-
15	we	we	PRP	PRP	-	16	SUB	-	-
16	will	will	MD	MD	-	12	SBAR	-	-
17	finally	finally	RB	RB	-	16	VMOD	-	-
18	see	see	VB	VB	-	16	VC	-	-
19	an	an	DT	DT	-	20	NMOD	-	-
20	opportunity	opportunity	NN	NN	-	18	OBJ	-	-
21	to	to	TO	TO	-	22	VMOD	-	-
22	take	take	VB	VB	-	20	NMOD	-	-
23	effective	effective	JJ	JJ	-	24	NMOD	-	-
24	action	action	NN	NN	-	22	OBJ	-	-
25	.	.	.	.	-	11	P	-	-

1	the	the	DT	DT	-	2	NMOD	-	-
2	retirement	retirement	NNP	NNP	-	0	ROOT	-	-
3	of	of	IN	IN	-	2	NMOD	-	-
4	max	max	NNP	NNP	-	7	NMOD	-	-
5	barber	barber	NNP	NNP	-	7	NMOD	-	-
6	mr.	mr.	NNP	NNP	-	7	NMOD	-	-
7	mitchell	mitchell	NNP	NNP	-	3	PMOD	-	-
8	.	.	.	.	-	2	P	-	-

1	mr.	mr.	NNP	NNP	-	2	NMOD	-	-
2	president	president	NNP	NNP	-	5	SUB	-	-
3	,	,	,	,	-	5	P	-	-
4	i	i	PRP	PRP	-	5	SUB	-	-
5	would	would	MD	MD	-	0	ROOT	-	-
6	like	like	VB	VB	-	5	VC	-	-
7	to	to	TO	TO	-	8	VMOD	-	-
8	take	take	VB	VB	-	6	VMOD	-	-
9	this	this	DT	DT	-	10	NMOD	-	-
10	opportunity	opportunity	NN	NN	-	8	OBJ	-	-
11	to	to	TO	TO	-	12	VMOD	-	-
12	acknowledge	acknowledge	VB	VB	-	10	NMOD	-	-
13	the	the	DT	DT	-	15	NMOD	-	-
14	recent	recent	JJ	JJ	-	15	NMOD	-	-
15	retirement	retirement	NN	NN	-	12	OBJ	-	-
16	of	of	IN	IN	-	15	NMOD	-	-
17	max	max	NNP	NNP	-	18	NMOD	-	-
18	barber	barber	NNP	NNP	-	16	PMOD	-	-
19	,	,	,	,	-	18	P	-	-
20	who	who	WP	WP	-	18	NMOD	-	-
21	served	served	VBD	VBD	-	20	SBAR	-	-
22	as	as	IN	IN	-	21	VMOD	-	-
23	superintendent	superintendent	NN	NN	-	22	PMOD	-	-
24	of	of	IN	IN	-	23	NMOD	-	-
25	the	the	DT	DT	-	28	NMOD	-	-
26	senate	senate	NNP	NNP	-	28	NMOD	-	-
27	radio-tv	radio-tv	NNP	NNP	-	28	NMOD	-	-
28	gallery	gallery	NNP	NNP	-	24	PMOD	-	-
29	.	.	.	.	-	5	P	-	-

1	max	max	NNP	NNP	-	2	SUB	-	-
2	has	has	VBZ	VBZ	-	0	ROOT	-	-
3	been	been	VBN	VBN	-	2	VC	-	-
4	a	a	DT	DT	-	6	NMOD	-	-
5	familiar	familiar	JJ	JJ	-	6	NMOD	-	-
6	face	face	NN	NN	-	3	PRD	-	-
7	in	in	IN	IN	-	3	VMOD	-	-
8	the	the	DT	DT	-	10	NMOD	-	-
9	u.s.	u.s.	NNP	NNP	-	10	NMOD	-	-
10	capitol	capitol	NNP	NNP	-	7	PMOD	-	-
11	for	for	IN	IN	-	3	VMOD	-	-
12	<num>	<num>	CD	CD	-	13	NMOD	-	-
13	years	years	NNS	NNS	-	11	PMOD	-	-
14	.	.	.	.	-	2	P	-	-

1	during	during	IN	IN	-	6	VMOD	-	-
2	those	those	DT	DT	-	3	NMOD	-	-
3	years	years	NNS	NNS	-	1	PMOD	-	-
4	,	,	,	,	-	6	P	-	-
5	max	max	NNP	NNP	-	6	SUB	-	-
6	worked	worked	VBD	VBD	-	0	ROOT	-	-
7	as	as	IN	IN	-	6	VMOD	-	-
8	an	an	DT	DT	-	10	NMOD	-	-
9	elevator	elevator	NN	NN	-	10	NMOD	-	-
10	opertor	opertor	NN	NN	-	7	PMOD	-	-
11	,	,	,	,	-	6	P	-	-
12	served	served	VBD	VBD	-	22	VMOD	-	-
13	on	on	IN	IN	-	12	VMOD	-	-
14	the	the	DT	DT	-	17	NMOD	-	-
15	capitol	capitol	NNP	NNP	-	17	NMOD	-	-
16	police	police	NNP	NNP	-	17	NMOD	-	-
17	force	force	NNP	NNP	-	13	PMOD	-	-
18	,	,	,	,	-	22	P	-	-
19	and	and	CC	CC	-	22	VMOD	-	-
20	most	most	RBS	RBS	-	21	AMOD	-	-
21	recently	recently	RB	RB	-	22	VMOD	-	-
22	was	was	VBD	VBD	-	6	VMOD	-	-
23	the	the	DT	DT	-	24	NMOD	-	-
24	superintendent	superintendent	NN	NN	-	22	PRD	-	-
25	of	of	IN	IN	-	24	NMOD	-	-
26	the	the	DT	DT	-	29	NMOD	-	-
27	senate	senate	NNP	NNP	-	29	NMOD	-	-
28	radio-tv	radio-tv	NNP	NNP	-	29	NMOD	-	-
29	gallery	gallery	NNP	NNP	-	25	PMOD	-	-
30	,	,	,	,	-	29	P	-	-
31	where	where	WRB	WRB	-	29	NMOD	-	-
32	for	for	IN	IN	-	36	VMOD	-	-
33	<num>	<num>	CD	CD	-	34	NMOD	-	-
34	years	years	NNS	NNS	-	32	PMOD	-	-
35	he	he	PRP	PRP	-	36	SUB	-	-
36	assisted	assisted	VBD	VBD	-	31	SBAR	-	-
37	our	our	PRP$	PRP$	-	38	NMOD	-	-
38	friends	friends	NNS	NNS	-	36	OBJ	-	-
39	in	in	IN	IN	-	36	VMOD	-	-
40	the	the	DT	DT	-	42	NMOD	-	-
41	broadcast	broadcast	NN	NN	-	42	NMOD	-	-
42	media	media	NNS	NNS	-	39	PMOD	-	-
43	.	.	.	.	-	6	P	-	-

1	max	max	NNP	NNP	-	2	SUB	-	-
2	was	was	VBD	VBD	-	0	ROOT	-	-
3	privileged	privileged	VBN	VBN	-	2	VC	-	-
4	to	to	TO	TO	-	3	VMOD	-	-
5	witness	witness	NN	NN	-	7	NMOD	-	-
6	many	many	JJ	JJ	-	7	NMOD	-	-
7	changes	changes	NNS	NNS	-	4	PMOD	-	-
8	that	that	WDT	WDT	-	7	NMOD	-	-
9	have	have	VBP	VBP	-	8	SBAR	-	-
10	occurred	occurred	VBN	VBN	-	9	VC	-	-
11	in	in	IN	IN	-	10	VMOD	-	-
12	the	the	DT	DT	-	13	NMOD	-	-
13	congress	congress	NNP	NNP	-	11	PMOD	-	-
14	.	.	.	.	-	2	P	-	-

1	i	i	PRP	PRP	-	2	SUB	-	-
2	was	was	VBD	VBD	-	0	ROOT	-	-
3	privileged	privileged	VBN	VBN	-	2	VC	-	-
4	to	to	TO	TO	-	5	VMOD	-	-
5	have	have	VB	VB	-	3	VMOD	-	-
6	his	his	PRP$	PRP$	-	9	NMOD	-	-
7	support	support	NN	NN	-	9	NMOD	-	-
8	and	and	CC	CC	-	9	NMOD	-	-
9	assistance	assistance	NN	NN	-	5	OBJ	-	-
10	during	during	IN	IN	-	5	VMOD	-	-
11	my	my	PRP$	PRP$	-	13	NMOD	-	-
12	first	first	JJ	JJ	-	13	NMOD	-	-
13	year	year	NN	NN	-	10	PMOD	-	-
14	as	as	IN	IN	-	5	VMOD	-	-
15	majority	majority	NN	NN	-	16	NMOD	-	-
16	leader	leader	NN	NN	-	14	PMOD	-	-
17	.	.	.	.	-	2	P	-	-

1	shortly	shortly	RB	RB	-	2	PMOD	-	-
2	before	before	IN	IN	-	7	VMOD	-	-
3	the	the	DT	DT	-	4	NMOD	-	-
4	holidays	holidays	NNS	NNS	-	2	PMOD	-	-
5	,	,	,	,	-	7	P	-	-
6	max	max	NNP	NNP	-	7	SUB	-	-
7	announced	announced	VBD	VBD	-	0	ROOT	-	-
8	his	his	PRP$	PRP$	-	9	NMOD	-	-
9	retirement	retirement	NN	NN	-	7	OBJ	-	-
10	.	.	.	.	-	7	P	-	-

1	i	i	PRP	PRP	-	2	SUB	-	-
2	understand	understand	VBP	VBP	-	0	ROOT	-	-
3	that	that	IN	IN	-	2	VMOD	-	-
4	he	he	PRP	PRP	-	9	NMOD	-	-
5	and	and	CC	CC	-	9	NMOD	-	-
6	his	his	PRP$	PRP$	-	7	NMOD	-	-
7	wife	wife	NN	NN	-	9	NMOD	-	-
8	,	,	,	,	-	9	P	-	-
9	sylvia	sylvia	NNP	NNP	-	11	SUB	-	-
10	,	,	,	,	-	9	P	-	-
11	are	are	VBP	VBP	-	3	SBAR	-	-
12	now	now	RB	RB	-	11	VMOD	-	-
13	enjoying	enjoying	VBG	VBG	-	11	VC	-	-
14	the	the	DT	DT	-	16	NMOD	-	-
15	sunny	sunny	JJ	JJ	-	16	NMOD	-	-
16	skies	skies	NNS	NNS	-	13	OBJ	-	-
17	of	of	IN	IN	-	16	NMOD	-	-
18	florida	florida	NNP	NNP	-	17	PMOD	-	-
19	for	for	IN	IN	-	16	NMOD	-	-
20	ngressional	ngressional	JJ	JJ	-	21	NMOD	-	-
21	record-senate	record-senate	NN	NN	-	19	PMOD	-	-
22	the	the	DT	DT	-	24	NMOD	-	-
23	winter	winter	NN	NN	-	24	NMOD	-	-
24	months	months	NNS	NNS	-	21	NMOD	-	-
25	.	.	.	.	-	2	P	-	-

1	on	on	IN	IN	-	11	VMOD	-	-
2	behalf	behalf	NN	NN	-	1	PMOD	-	-
3	of	of	IN	IN	-	2	NMOD	-	-
4	all	all	DT	DT	-	6	NMOD	-	-
5	my	my	PRP$	PRP$	-	6	NMOD	-	-
6	colleagues	colleagues	NNS	NNS	-	3	PMOD	-	-
7	in	in	IN	IN	-	6	NMOD	-	-
8	congress	congress	NNP	NNP	-	7	PMOD	-	-
9	,	,	,	,	-	11	P	-	-
10	i	i	PRP	PRP	-	11	SUB	-	-
11	wish	wish	VBP	VBP	-	0	ROOT	-	-
12	max	max	NNP	NNP	-	14	NMOD	-	-
13	and	and	CC	CC	-	14	NMOD	-	-
14	sylvia	sylvia	NNP	NNP	-	11	OBJ	-	-
15	a	a	DT	DT	-	20	NMOD	-	-
16	most	most	RBS	RBS	-	19	AMOD	-	-
17	happy	happy	JJ	JJ	-	19	AMOD	-	-
18	and	and	CC	CC	-	19	AMOD	-	-
19	healthy	healthy	JJ	JJ	-	20	NMOD	-	-
20	retirement	retirement	NN	NN	-	11	OBJ	-	-
21	.	.	.	.	-	11	P	-	-

1	he	he	PRP	PRP	-	2	SUB	-	-
2	will	will	MD	MD	-	0	ROOT	-	-
3	be	be	VB	VB	-	2	VC	-	-
4	missed	missed	VBN	VBN	-	3	VC	-	-
5	.	.	.	.	-	2	P	-	-

1	i	i	PRP	PRP	-	3	SUB	-	-
2	also	also	RB	RB	-	3	VMOD	-	-
3	want	want	VBP	VBP	-	0	ROOT	-	-
4	to	to	TO	TO	-	5	VMOD	-	-
5	take	take	VB	VB	-	3	VMOD	-	-
6	this	this	DT	DT	-	7	NMOD	-	-
7	opportunity	opportunity	NN	NN	-	5	OBJ	-	-
8	to	to	TO	TO	-	9	VMOD	-	-
9	extend	extend	VB	VB	-	7	NMOD	-	-
10	to	to	TO	TO	-	9	VMOD	-	-
11	his	his	PRP$	PRP$	-	12	NMOD	-	-
12	successor	successor	NN	NN	-	15	NMOD	-	-
13	,	,	,	,	-	15	P	-	-
14	larry	larry	NNP	NNP	-	15	NMOD	-	-
15	janezich	janezich	NNP	NNP	-	20	NMOD	-	-
16	,	,	,	,	-	20	P	-	-
17	the	the	DT	DT	-	20	NMOD	-	-
18	very	very	RB	RB	-	19	AMOD	-	-
19	best	best	JJS	JJS	-	20	NMOD	-	-
20	wishes	wishes	NNS	NNS	-	10	PMOD	-	-
21	in	in	IN	IN	-	20	NMOD	-	-
22	his	his	PRP$	PRP$	-	24	NMOD	-	-
23	new	new	JJ	JJ	-	24	NMOD	-	-
24	role	role	NN	NN	-	21	PMOD	-	-
25	.	.	.	.	-	3	P	-	-

1	i	i	PRP	PRP	-	2	SUB	-	-
2	know	know	VBP	VBP	-	0	ROOT	-	-
3	he	he	PRP	PRP	-	4	SUB	-	-
4	is	is	VBZ	VBZ	-	2	VMOD	-	-
5	up	up	RB	RB	-	4	PRD	-	-
6	to	to	TO	TO	-	5	AMOD	-	-
7	the	the	DT	DT	-	8	NMOD	-	-
8	task	task	NN	NN	-	6	PMOD	-	-
9	.	.	.	.	-	2	P	-	-

1	an	an	DT	DT	-	3	NMOD	-	-
2	environmental	environmental	JJ	JJ	-	3	NMOD	-	-
3	dividend	dividend	NN	NN	-	0	ROOT	-	-
4	:	:	:	:	-	3	P	-	-
5	capitalizing	capitalizing	VBG	VBG	-	3	NMOD	-	-
6	on	on	NNP	NNP	-	8	NMOD	-	-
7	new	new	NNP	NNP	-	8	NMOD	-	-
8	opportunities	opportunities	NNP	NNP	-	5	OBJ	-	-
9	for	for	IN	IN	-	8	NMOD	-	-
10	international	international	NNP	NNP	-	13	NMOD	-	-
11	action	action	NNP	NNP	-	13	NMOD	-	-
12	mr.	mr.	NNP	NNP	-	13	NMOD	-	-
13	mitchell	mitchell	NNP	NNP	-	9	PMOD	-	-
14	.	.	.	.	-	3	P	-	-

1	mr.	mr.	NNP	NNP	-	2	NMOD	-	-
2	president	president	NNP	NNP	-	5	SUB	-	-
3	,	,	,	,	-	5	P	-	-
4	i	i	PRP	PRP	-	5	SUB	-	-
5	ask	ask	VBP	VBP	-	0	ROOT	-	-
6	unanimous	unanimous	JJ	JJ	-	7	NMOD	-	-
7	consent	consent	NN	NN	-	5	OBJ	-	-
8	that	that	IN	IN	-	7	NMOD	-	-
9	a	a	DT	DT	-	10	NMOD	-	-
10	speech	speech	NN	NN	-	30	SUB	-	-
11	given	given	VBN	VBN	-	10	NMOD	-	-
12	by	by	IN	IN	-	11	VMOD	-	-
13	the	the	DT	DT	-	15	NMOD	-	-
14	distinguished	distinguished	JJ	JJ	-	15	NMOD	-	-
15	chairman	chairman	NN	NN	-	12	PMOD	-	-
16	of	of	IN	IN	-	15	NMOD	-	-
17	the	the	DT	DT	-	21	NMOD	-	-
18	senate	senate	NNP	NNP	-	21	NMOD	-	-
19	foreign	foreign	NNP	NNP	-	21	NMOD	-	-
20	relations	relations	NNP	NNP	-	21	NMOD	-	-
21	committee	committee	NNP	NNP	-	25	NMOD	-	-
22	,	,	,	,	-	25	P	-	-
23	senator	senator	NNP	NNP	-	25	NMOD	-	-
24	claiborne	claiborne	NNP	NNP	-	25	NMOD	-	-
25	pell	pell	NNP	NNP	-	16	PMOD	-	-
26	of	of	IN	IN	-	25	NMOD	-	-
27	rhode	rhode	NNP	NNP	-	28	NMOD	-	-
28	island	island	NNP	NNP	-	26	PMOD	-	-
29	,	,	,	,	-	25	P	-	-
30	be	be	VB	VB	-	8	SBAR	-	-
31	inserted	inserted	VBN	VBN	-	30	VC	-	-
32	in	in	IN	IN	-	31	VMOD	-	-
33	the	the	DT	DT	-	34	NMOD	-	-
34	record	record	NNP	NNP	-	32	PMOD	-	-
35	.	.	.	.	-	5	P	-	-

1	the	the	DT	DT	-	3	NMOD	-	-
2	honorable	honorable	JJ	JJ	-	3	NMOD	-	-
3	chairman	chairman	NN	NN	-	10	SUB	-	-
4	of	of	IN	IN	-	3	NMOD	-	-
5	the	the	DT	DT	-	8	NMOD	-	-
6	foreign	foreign	NNP	NNP	-	8	NMOD	-	-
7	relations	relations	NNP	NNP	-	8	NMOD	-	-
8	committee	committee	NNP	NNP	-	4	PMOD	-	-
9	recently	recently	RB	RB	-	10	VMOD	-	-
10	addressed	addressed	VBD	VBD	-	0	ROOT	-	-
11	the	the	DT	DT	-	13	NMOD	-	-
12	global	global	JJ	JJ	-	13	NMOD	-	-
13	forum	forum	NN	NN	-	10	OBJ	-	-
14	on	on	IN	IN	-	13	NMOD	-	-
15	environment	environment	NNP	NNP	-	17	NMOD	-	-
16	and	and	CC	CC	-	17	NMOD	-	-
17	development	development	NNP	NNP	-	14	PMOD	-	-
18	for	for	IN	IN	-	13	NMOD	-	-
19	survival	survival	NNP	NNP	-	18	PMOD	-	-
20	in	in	IN	IN	-	13	NMOD	-	-
21	moscow	moscow	NNP	NNP	-	20	PMOD	-	-
22	.	.	.	.	-	10	P	-	-

1	his	his	PRP$	PRP$	-	2	NMOD	-	-
2	remarks	remarks	NNS	NNS	-	3	SUB	-	-
3	focus	focus	VBP	VBP	-	0	ROOT	-	-
4	on	on	IN	IN	-	3	VMOD	-	-
5	the	the	DT	DT	-	7	NMOD	-	-
6	catastrophic	catastrophic	JJ	JJ	-	7	NMOD	-	-
7	threats	threats	NNS	NNS	-	4	PMOD	-	-
8	to	to	TO	TO	-	7	NMOD	-	-
9	the	the	DT	DT	-	11	NMOD	-	-
10	world	world	NN	NN	-	11	NMOD	-	-
11	's	's	POS	POS	-	15	NMOD	-	-
12	environment-including	environment-including	JJ	JJ	-	15	NMOD	-	-
13	global	global	JJ	JJ	-	15	NMOD	-	-
14	climate	climate	NN	NN	-	15	NMOD	-	-
15	change	change	NN	NN	-	21	NMOD	-	-
16	,	,	,	,	-	21	P	-	-
17	ozone	ozone	NN	NN	-	18	NMOD	-	-
18	depletion	depletion	NN	NN	-	21	NMOD	-	-
19	and	and	CC	CC	-	21	NMOD	-	-
20	a	a	DT	DT	-	21	NMOD	-	-
21	host	host	NN	NN	-	8	PMOD	-	-
22	of	of	IN	IN	-	21	NMOD	-	-
23	problems	problems	NNS	NNS	-	22	PMOD	-	-
24	that	that	WDT	WDT	-	23	NMOD	-	-
25	require	require	VBP	VBP	-	24	SBAR	-	-
26	international	international	JJ	JJ	-	27	NMOD	-	-
27	cooperation	cooperation	NN	NN	-	25	OBJ	-	-
28	.	.	.	.	-	3	P	-	-

1	i	i	PRP	PRP	-	2	SUB	-	-
2	would	would	MD	MD	-	0	ROOT	-	-
3	like	like	VB	VB	-	2	VC	-	-
4	to	to	TO	TO	-	5	VMOD	-	-
5	call	call	VB	VB	-	3	VMOD	-	-
6	this	this	DT	DT	-	8	NMOD	-	-
7	important	important	JJ	JJ	-	8	NMOD	-	-
8	speech	speech	NN	NN	-	5	OBJ	-	-
9	to	to	TO	TO	-	8	NMOD	-	-
10	the	the	DT	DT	-	11	NMOD	-	-
11	attention	attention	NN	NN	-	9	PMOD	-	-
12	of	of	IN	IN	-	11	NMOD	-	-
13	my	my	PRP$	PRP$	-	14	NMOD	-	-
14	colleagues	colleagues	NNS	NNS	-	12	PMOD	-	-
15	.	.	.	.	-	2	P	-	-

1	not	not	RB	RB	-	3	VMOD	-	-
2	only	only	RB	RB	-	1	DEP	-	-
3	does	does	VBZ	VBZ	-	18	VMOD	-	-
4	it	it	PRP	PRP	-	3	SUB	-	-
5	deal	deal	VB	VB	-	3	VMOD	-	-
6	with	with	IN	IN	-	5	VMOD	-	-
7	one	one	CD	CD	-	6	PMOD	-	-
8	of	of	IN	IN	-	7	NMOD	-	-
9	the	the	DT	DT	-	12	NMOD	-	-
10	most	most	RBS	RBS	-	11	AMOD	-	-
11	significant	significant	JJ	JJ	-	12	NMOD	-	-
12	problems	problems	NNS	NNS	-	8	PMOD	-	-
13	of	of	IN	IN	-	12	NMOD	-	-
14	our	our	PRP$	PRP$	-	15	NMOD	-	-
15	times	times	NNS	NNS	-	13	PMOD	-	-
16	,	,	,	,	-	18	P	-	-
17	it	it	PRP	PRP	-	18	SUB	-	-
18	does	does	VBZ	VBZ	-	0	ROOT	-	-
19	so	so	RB	RB	-	18	VMOD	-	-
20	with	with	IN	IN	-	18	VMOD	-	-
21	eloquence	eloquence	NN	NN	-	23	NMOD	-	-
22	and	and	CC	CC	-	23	NMOD	-	-
23	clarity	clarity	NN	NN	-	20	PMOD	-	-
24	.	.	.	.	-	18	P	-	-

1	i	i	PRP	PRP	-	2	SUB	-	-
2	hope	hope	VBP	VBP	-	0	ROOT	-	-
3	other	other	JJ	JJ	-	4	NMOD	-	-
4	senators	senators	NNS	NNS	-	5	SUB	-	-
5	will	will	MD	MD	-	2	VMOD	-	-
6	take	take	VB	VB	-	5	VC	-	-
7	the	the	DT	DT	-	8	NMOD	-	-
8	time	time	NN	NN	-	6	OBJ	-	-
9	to	to	TO	TO	-	10	VMOD	-	-
10	review	review	VB	VB	-	8	NMOD	-	-
11	senator	senator	NNP	NNP	-	13	NMOD	-	-
12	pell	pell	NNP	NNP	-	13	NMOD	-	-
13	's	's	POS	POS	-	14	NMOD	-	-
14	statement	statement	NN	NN	-	10	OBJ	-	-
15	.	.	.	.	-	2	P	-	-

1	there	there	EX	EX	-	2	SUB	-	-
2	being	being	VBG	VBG	-	8	VMOD	-	-
3	no	no	DT	DT	-	4	NMOD	-	-
4	objection	objection	NN	NN	-	2	PRD	-	-
5	,	,	,	,	-	8	P	-	-
6	the	the	DT	DT	-	7	NMOD	-	-
7	remarks	remarks	NNS	NNS	-	8	SUB	-	-
8	werc	werc	VBP	VBP	-	0	ROOT	-	-
9	ordered	ordered	VBN	VBN	-	8	VC	-	-
10	to	to	TO	TO	-	11	VMOD	-	-
11	be	be	VB	VB	-	9	VMOD	-	-
12	printed	printed	VBN	VBN	-	11	VC	-	-
13	in	in	IN	IN	-	12	VMOD	-	-
14	the	the	DT	DT	-	15	NMOD	-	-
15	record	record	NNP	NNP	-	13	PMOD	-	-
16	,	,	,	,	-	9	P	-	-
17	as	as	IN	IN	-	9	VMOD	-	-
18	follows	follows	VBZ	VBZ	-	17	SBAR	-	-
19	:	:	:	:	-	18	P	-	-
20	an	an	DT	DT	-	22	NMOD	-	-
21	environmental	environmental	NNP	NNP	-	22	NMOD	-	-
22	dividend	dividend	NNP	NNP	-	32	NMOD	-	-
23	:	:	:	:	-	32	P	-	-
24	capitalizing	capitalizing	NNP	NNP	-	27	NMOD	-	-
25	on	on	NNP	NNP	-	27	NMOD	-	-
26	new	new	NNP	NNP	-	27	NMOD	-	-
27	opportunities	opportunities	NNP	NNP	-	32	NMOD	-	-
28	for	for	IN	IN	-	27	NMOD	-	-
29	international	international	NNP	NNP	-	30	NMOD	-	-
30	action	action	NNP	NNP	-	28	PMOD	-	-
31	(	(	-LRB-	-LRB-	-	32	P	-	-
32	remarks	remarks	NNPS	NNPS	-	17	PMOD	-	-
33	by	by	IN	IN	-	32	NMOD	-	-
34	senator	senator	NNP	NNP	-	36	NMOD	-	-
35	claiborne	claiborne	NNP	NNP	-	36	NMOD	-	-
36	pell	pell	NNP	NNP	-	39	NMOD	-	-
37	,	,	,	,	-	39	P	-	-
38	global	global	JJ	JJ	-	39	NMOD	-	-
39	forum	forum	NN	NN	-	33	PMOD	-	-
40	on	on	IN	IN	-	39	NMOD	-	-
41	environment	environment	NNP	NNP	-	43	NMOD	-	-
42	and	and	CC	CC	-	43	NMOD	-	-
43	development	development	NNP	NNP	-	47	NMOD	-	-
44	,	,	,	,	-	47	P	-	-
45	moscow	moscow	NNP	NNP	-	47	NMOD	-	-
46	,	,	,	,	-	47	P	-	-
47	u.s.s.r.	u.s.s.r.	NNP	NNP	-	49	NMOD	-	-
48	,	,	,	,	-	49	P	-	-
49	january	january	NNP	NNP	-	40	PMOD	-	-
50	<num>	<num>	CD	CD	-	49	NMOD	-	-
51	,	,	,	,	-	49	P	-	-
52	<num>	<num>	CD	CD	-	49	NMOD	-	-
53	)	)	-RRB-	-RRB-	-	49	P	-	-
54	we	we	PRP	PRP	-	55	SUB	-	-
55	are	are	VBP	VBP	-	53	VMOD	-	-
56	gathered	gathered	VBN	VBN	-	55	VC	-	-
57	here	here	RB	RB	-	56	VMOD	-	-
58	at	at	IN	IN	-	56	VMOD	-	-
59	an	an	DT	DT	-	61	NMOD	-	-
60	extraordinary	extraordinary	JJ	JJ	-	61	NMOD	-	-
61	time	time	NN	NN	-	58	PMOD	-	-
62	in	in	IN	IN	-	61	NMOD	-	-
63	human	human	JJ	JJ	-	64	NMOD	-	-
64	history	history	NN	NN	-	62	PMOD	-	-
65	.	.	.	.	-	8	P	-	-

1	in	in	IN	IN	-	11	VMOD	-	-
2	a	a	DT	DT	-	3	NMOD	-	-
3	matter	matter	NN	NN	-	1	PMOD	-	-
4	of	of	IN	IN	-	3	NMOD	-	-
5	months	months	NNS	NNS	-	4	PMOD	-	-
6	a	a	DT	DT	-	7	NMOD	-	-
7	series	series	NN	NN	-	11	SUB	-	-
8	of	of	IN	IN	-	7	NMOD	-	-
9	popular	popular	JJ	JJ	-	10	NMOD	-	-
10	movements	movements	NNS	NNS	-	8	PMOD	-	-
11	have	have	VBP	VBP	-	0	ROOT	-	-
12	transformed	transformed	VBN	VBN	-	11	VC	-	-
13	europe	europe	NNP	NNP	-	12	OBJ	-	-
14	.	.	.	.	-	11	P	-	-

1	the	the	DT	DT	-	3	NMOD	-	-
2	iron	iron	NNP	NNP	-	3	NMOD	-	-
3	curtain	curtain	NNP	NNP	-	4	SUB	-	-
4	has	has	VBZ	VBZ	-	0	ROOT	-	-
5	ceased	ceased	VBN	VBN	-	4	VC	-	-
6	to	to	TO	TO	-	7	VMOD	-	-
7	be	be	VB	VB	-	5	VMOD	-	-
8	a	a	DT	DT	-	9	NMOD	-	-
9	barrier	barrier	NN	NN	-	7	PRD	-	-
10	between	between	IN	IN	-	9	NMOD	-	-
11	east	east	NNP	NNP	-	13	NMOD	-	-
12	and	and	CC	CC	-	13	NMOD	-	-
13	west	west	NNP	NNP	-	10	PMOD	-	-
14	.	.	.	.	-	4	P	-	-

1	a	a	DT	DT	-	4	NMOD	-	-
2	democratically	democratically	RB	RB	-	3	AMOD	-	-
3	elected	elected	VBN	VBN	-	4	NMOD	-	-
4	government	government	NN	NN	-	5	SUB	-	-
5	has	has	VBZ	VBZ	-	19	VMOD	-	-
6	taken	taken	VBN	VBN	-	5	VC	-	-
7	power	power	NN	NN	-	6	OBJ	-	-
8	in	in	IN	IN	-	6	VMOD	-	-
9	poland	poland	NNP	NNP	-	8	PMOD	-	-
10	,	,	,	,	-	19	P	-	-
11	and	and	CC	CC	-	19	VMOD	-	-
12	in	in	IN	IN	-	19	VMOD	-	-
13	the	the	DT	DT	-	16	NMOD	-	-
14	next	next	JJ	JJ	-	16	NMOD	-	-
15	few	few	JJ	JJ	-	16	NMOD	-	-
16	months	months	NNS	NNS	-	12	PMOD	-	-
17	free	free	JJ	JJ	-	18	NMOD	-	-
18	elcdtions	elcdtions	NNS	NNS	-	19	SUB	-	-
19	will	will	MD	MD	-	0	ROOT	-	-
20	be	be	VB	VB	-	19	VC	-	-
21	held	held	VBN	VBN	-	20	VC	-	-
22	in	in	IN	IN	-	21	VMOD	-	-
23	east	east	NNP	NNP	-	24	NMOD	-	-
24	germany	germany	NNP	NNP	-	33	NMOD	-	-
25	,	,	,	,	-	33	P	-	-
26	czechoslovakia	czechoslovakia	NNP	NNP	-	33	NMOD	-	-
27	,	,	,	,	-	33	P	-	-
28	bulgaria	bulgaria	NNP	NNP	-	33	NMOD	-	-
29	,	,	,	,	-	33	P	-	-
30	hungary	hungary	NNP	NNP	-	33	NMOD	-	-
31	,	,	,	,	-	33	P	-	-
32	and	and	CC	CC	-	33	NMOD	-	-
33	romania	romania	NNP	NNP	-	22	PMOD	-	-
34	.	.	.	.	-	19	P	-	-

1	in	in	IN	IN	-	7	VMOD	-	-
2	addition	addition	NN	NN	-	1	PMOD	-	-
3	,	,	,	,	-	7	P	-	-
4	the	the	DT	DT	-	6	NMOD	-	-
5	soviet	soviet	NNP	NNP	-	6	NMOD	-	-
6	union	union	NNP	NNP	-	7	SUB	-	-
7	is	is	VBZ	VBZ	-	0	ROOT	-	-
8	well	well	RB	RB	-	9	PMOD	-	-
9	along	along	IN	IN	-	7	PRD	-	-
10	on	on	IN	IN	-	9	PMOD	-	-
11	a	a	DT	DT	-	12	NMOD	-	-
12	path	path	NN	NN	-	10	PMOD	-	-
13	to	to	TO	TO	-	12	NMOD	-	-
14	freedom	freedom	NN	NN	-	19	NMOD	-	-
15	,	,	,	,	-	19	P	-	-
16	openness	openness	NN	NN	-	19	NMOD	-	-
17	and	and	CC	CC	-	19	NMOD	-	-
18	democratic	democratic	JJ	JJ	-	19	NMOD	-	-
19	renewal	renewal	NN	NN	-	13	PMOD	-	-
20	.	.	.	.	-	7	P	-	-

1	with	with	IN	IN	-	16	VMOD	-	-
2	the	the	DT	DT	-	3	NMOD	-	-
3	changes	changes	NNS	NNS	-	1	PMOD	-	-
4	in	in	IN	IN	-	3	NMOD	-	-
5	eastern	eastern	NNP	NNP	-	6	NMOD	-	-
6	europe	europe	NNP	NNP	-	11	NMOD	-	-
7	and	and	CC	CC	-	11	NMOD	-	-
8	the	the	DT	DT	-	11	NMOD	-	-
9	soviet	soviet	JJ	JJ	-	11	NMOD	-	-
10	u	u	NNP	NNP	-	11	NMOD	-	-
11	nion	nion	NN	NN	-	4	PMOD	-	-
12	,	,	,	,	-	16	P	-	-
13	east	east	NNP	NNP	-	15	NMOD	-	-
14	and	and	CC	CC	-	15	NMOD	-	-
15	west	west	NNP	NNP	-	16	SUB	-	-
16	will	will	MD	MD	-	0	ROOT	-	-
17	begin	begin	VB	VB	-	16	VC	-	-
18	to	to	TO	TO	-	19	VMOD	-	-
19	share	share	VB	VB	-	17	VMOD	-	-
20	common	common	JJ	JJ	-	21	NMOD	-	-
21	values	values	NNS	NNS	-	19	OBJ	-	-
22	of	of	IN	IN	-	21	NMOD	-	-
23	a	a	DT	DT	-	24	NMOD	-	-
24	belief	belief	NN	NN	-	22	PMOD	-	-
25	in	in	IN	IN	-	24	NMOD	-	-
26	individual	individual	JJ	JJ	-	27	NMOD	-	-
27	rights	rights	NNS	NNS	-	30	NMOD	-	-
28	and	and	CC	CC	-	30	NMOD	-	-
29	democratic	democratic	JJ	JJ	-	30	NMOD	-	-
30	institutions	institutions	NNS	NNS	-	25	PMOD	-	-
31	.	.	.	.	-	16	P	-	-

1	the	the	DT	DT	-	2	NMOD	-	-
2	wave	wave	NN	NN	-	5	SUB	-	-
3	of	of	IN	IN	-	2	NMOD	-	-
4	democracy	democracy	NN	NN	-	3	PMOD	-	-
5	is	is	VBZ	VBZ	-	0	ROOT	-	-
6	also	also	RB	RB	-	5	VMOD	-	-
7	spreading	spreading	VBG	VBG	-	5	VC	-	-
8	to	to	TO	TO	-	7	VMOD	-	-
9	the	the	DT	DT	-	11	NMOD	-	-
10	developing	developing	VBG	VBG	-	11	NMOD	-	-
11	world	world	NN	NN	-	8	PMOD	-	-
12	.	.	.	.	-	5	P	-	-

1	with	with	IN	IN	-	13	VMOD	-	-
2	the	the	DT	DT	-	4	NMOD	-	-
3	recent	recent	JJ	JJ	-	4	NMOD	-	-
4	elections	elections	NNS	NNS	-	1	PMOD	-	-
5	in	in	IN	IN	-	4	NMOD	-	-
6	chile	chile	NNP	NNP	-	5	PMOD	-	-
7	,	,	,	,	-	13	P	-	-
8	every	every	DT	DT	-	9	NMOD	-	-
9	government	government	NN	NN	-	13	SUB	-	-
10	in	in	IN	IN	-	9	NMOD	-	-
11	south	south	NNP	NNP	-	12	NMOD	-	-
12	america	america	NNP	NNP	-	10	PMOD	-	-
13	will	will	MD	MD	-	0	ROOT	-	-
14	be	be	VB	VB	-	13	VC	-	-
15	a	a	DT	DT	-	16	NMOD	-	-
16	democracy	democracy	NN	NN	-	14	PRD	-	-
17	.	.	.	.	-	13	P	-	-

1	elsewhere	elsewhere	RB	RB	-	14	VMOD	-	-
2	in	in	IN	IN	-	1	AMOD	-	-
3	the	the	DT	DT	-	6	NMOD	-	-
4	just	just	RB	RB	-	6	NMOD	-	-
5	concluded	concluded	VBN	VBN	-	6	NMOD	-	-
6	decade	decade	NN	NN	-	2	PMOD	-	-
7	,	,	,	,	-	14	P	-	-
8	dictatorships	dictatorships	NNS	NNS	-	14	SUB	-	-
9	in	in	IN	IN	-	8	NMOD	-	-
10	the	the	DT	DT	-	11	NMOD	-	-
11	philippines	philippines	NNPS	NNPS	-	13	NMOD	-	-
12	and	and	CC	CC	-	13	NMOD	-	-
13	pakistan	pakistan	NNP	NNP	-	9	PMOD	-	-
14	have	have	VBP	VBP	-	32	VMOD	-	-
15	disappeared	disappeared	VBN	VBN	-	14	VC	-	-
16	and	and	CC	CC	-	32	VMOD	-	-
17	india	india	NNP	NNP	-	18	NMOD	-	-
18	's	's	POS	POS	-	20	NMOD	-	-
19	recent	recent	JJ	JJ	-	20	NMOD	-	-
20	elections	elections	NNS	NNS	-	24	NMOD	-	-
21	,	,	,	,	-	24	P	-	-
22	the	the	DT	DT	-	24	NMOD	-	-
23	largest	largest	JJS	JJS	-	24	NMOD	-	-
24	exercise	exercise	NN	NN	-	32	SUB	-	-
25	of	of	IN	IN	-	24	NMOD	-	-
26	popular	popular	JJ	JJ	-	27	NMOD	-	-
27	choice	choice	NN	NN	-	25	PMOD	-	-
28	in	in	IN	IN	-	24	NMOD	-	-
29	human	human	JJ	JJ	-	30	NMOD	-	-
30	history	history	NN	NN	-	28	PMOD	-	-
31	,	,	,	,	-	24	P	-	-
32	reminds	reminds	VBZ	VBZ	-	0	ROOT	-	-
33	us	us	PRP	PRP	-	32	OBJ	-	-
34	of	of	IN	IN	-	32	VMOD	-	-
35	the	the	DT	DT	-	36	NMOD	-	-
36	appeal	appeal	NN	NN	-	34	PMOD	-	-
37	of	of	IN	IN	-	36	NMOD	-	-
38	democracy	democracy	NN	NN	-	37	PMOD	-	-
39	to	to	TO	TO	-	36	NMOD	-	-
40	even	even	RB	RB	-	45	NMOD	-	-
41	the	the	DT	DT	-	43	NMOD	-	-
42	world	world	NN	NN	-	43	NMOD	-	-
43	's	's	POS	POS	-	45	NMOD	-	-
44	poorest	poorest	JJS	JJS	-	45	NMOD	-	-
45	people	people	NNS	NNS	-	39	PMOD	-	-
46	.	.	.	.	-	32	P	-	-

1	of	of	IN	IN	-	5	VMOD	-	-
2	course	course	NN	NN	-	1	PMOD	-	-
3	,	,	,	,	-	5	P	-	-
4	there	there	EX	EX	-	5	SUB	-	-
5	are	are	VBP	VBP	-	21	VMOD	-	-
6	setbacks	setbacks	NNS	NNS	-	5	PRD	-	-
7	,	,	,	,	-	6	P	-	-
8	as	as	IN	IN	-	6	NMOD	-	-
9	last	last	JJ	JJ	-	11	NMOD	-	-
10	june	june	NNP	NNP	-	11	NMOD	-	-
11	's	's	POS	POS	-	12	NMOD	-	-
12	events	events	NNS	NNS	-	16	SUB	-	-
13	in	in	IN	IN	-	12	NMOD	-	-
14	tiananmen	tiananmen	NNP	NNP	-	15	NMOD	-	-
15	square	square	NNP	NNP	-	13	PMOD	-	-
16	remind	remind	VBD	VBD	-	8	SBAR	-	-
17	us	us	PRP	PRP	-	16	OBJ	-	-
18	,	,	,	,	-	21	P	-	-
19	and	and	CC	CC	-	21	VMOD	-	-
20	democracy	democracy	NN	NN	-	21	SUB	-	-
21	can	can	MD	MD	-	0	ROOT	-	-
22	be	be	VB	VB	-	21	VC	-	-
23	fragile	fragile	JJ	JJ	-	22	PRD	-	-
24	as	as	IN	IN	-	22	VMOD	-	-
25	witnessed	witnessed	VBN	VBN	-	24	SBAR	-	-
26	by	by	IN	IN	-	25	VMOD	-	-
27	recent	recent	JJ	JJ	-	28	NMOD	-	-
28	events	events	NNS	NNS	-	26	PMOD	-	-
29	in	in	IN	IN	-	28	NMOD	-	-
30	manila	manila	NNP	NNP	-	29	PMOD	-	-
31	.	.	.	.	-	21	P	-	-

1	of	of	IN	IN	-	9	VMOD	-	-
2	the	the	DT	DT	-	4	NMOD	-	-
3	overall	overall	JJ	JJ	-	4	NMOD	-	-
4	trend	trend	NN	NN	-	1	PMOD	-	-
5	,	,	,	,	-	9	P	-	-
6	however	however	RB	RB	-	9	VMOD	-	-
7	,	,	,	,	-	9	P	-	-
8	we	we	PRP	PRP	-	9	SUB	-	-
9	can	can	MD	MD	-	0	ROOT	-	-
10	be	be	VB	VB	-	9	VC	-	-
11	optimistic	optimistic	JJ	JJ	-	10	PRD	-	-
12	:	:	:	:	-	9	P	-	-
13	democracy	democracy	NN	NN	-	14	SUB	-	-
14	is	is	VBZ	VBZ	-	9	VMOD	-	-
15	indeed	indeed	RB	RB	-	14	VMOD	-	-
16	on	on	IN	IN	-	14	PRD	-	-
17	the	the	DT	DT	-	18	NMOD	-	-
18	march	march	NN	NN	-	16	PMOD	-	-
19	.	.	.	.	-	9	P	-	-

1	it	it	PRP	PRP	-	2	SUB	-	-
2	is	is	VBZ	VBZ	-	0	ROOT	-	-
3	an	an	DT	DT	-	5	NMOD	-	-
4	interesting	interesting	JJ	JJ	-	5	NMOD	-	-
5	fact	fact	NN	NN	-	2	PRD	-	-
6	that	that	IN	IN	-	5	NMOD	-	-
7	modern	modern	JJ	JJ	-	8	NMOD	-	-
8	history	history	NN	NN	-	9	SUB	-	-
9	has	has	VBZ	VBZ	-	6	SBAR	-	-
10	never	never	RB	RB	-	9	VMOD	-	-
11	known	known	VBN	VBN	-	9	VC	-	-
12	a	a	DT	DT	-	13	NMOD	-	-
13	war	war	NN	NN	-	11	OBJ	-	-
14	between	between	IN	IN	-	13	NMOD	-	-
15	democratic	democratic	JJ	JJ	-	16	NMOD	-	-
16	states	states	NNS	NNS	-	14	PMOD	-	-
17	.	.	.	.	-	2	P	-	-

1	and	and	CC	CC	-	13	VMOD	-	-
2	,	,	,	,	-	13	P	-	-
3	indeed	indeed	RB	RB	-	13	VMOD	-	-
4	,	,	,	,	-	13	P	-	-
5	the	the	DT	DT	-	6	NMOD	-	-
6	spread	spread	NN	NN	-	13	SUB	-	-
7	of	of	IN	IN	-	6	NMOD	-	-
8	democracy	democracy	NN	NN	-	10	NMOD	-	-
9	and	and	CC	CC	-	10	NMOD	-	-
10	freedom	freedom	NN	NN	-	7	PMOD	-	-
11	across	across	IN	IN	-	6	NMOD	-	-
12	europe	europe	NNP	NNP	-	11	PMOD	-	-
13	has	has	VBZ	VBZ	-	0	ROOT	-	-
14	resulted	resulted	VBN	VBN	-	13	VC	-	-
15	in	in	IN	IN	-	14	VMOD	-	-
16	a	a	DT	DT	-	18	NMOD	-	-
17	dramatic	dramatic	JJ	JJ	-	18	NMOD	-	-
18	reduction	reduction	NN	NN	-	15	PMOD	-	-
19	of	of	IN	IN	-	18	NMOD	-	-
20	tensions	tensions	NNS	NNS	-	19	PMOD	-	-
21	.	.	.	.	-	13	P	-	-

1	in	in	IN	IN	-	9	VMOD	-	-
2	<num>	<num>	CD	CD	-	1	PMOD	-	-
3	,	,	,	,	-	9	P	-	-
4	the	the	DT	DT	-	8	NMOD	-	-
5	bulletin	bulletin	NNP	NNP	-	8	NMOD	-	-
6	of	of	IN	IN	-	5	NMOD	-	-
7	atomic	atomic	NNP	NNP	-	6	PMOD	-	-
8	scientists	scientists	NNS	NNS	-	9	SUB	-	-
9	advanced	advanced	VBD	VBD	-	0	ROOT	-	-
10	the	the	DT	DT	-	11	NMOD	-	-
11	clock	clock	NN	NN	-	9	OBJ	-	-
12	of	of	IN	IN	-	11	NMOD	-	-
13	global	global	JJ	JJ	-	14	NMOD	-	-
14	survival	survival	NN	NN	-	12	PMOD	-	-
15	to	to	TO	TO	-	9	VMOD	-	-
16	three	three	CD	CD	-	17	NMOD	-	-
17	minutes	minutes	NNS	NNS	-	15	PMOD	-	-
18	before	before	IN	IN	-	9	VMOD	-	-
19	the	the	DT	DT	-	20	NMOD	-	-
20	midnight	midnight	NN	NN	-	18	PMOD	-	-
21	of	of	IN	IN	-	20	NMOD	-	-
22	nuclear	nuclear	JJ	JJ	-	23	NMOD	-	-
23	armageddon	armageddon	NN	NN	-	21	PMOD	-	-
24	.	.	.	.	-	9	P	-	-

1	today	today	NN	NN	-	26	VMOD	-	-
2	with	with	IN	IN	-	1	NMOD	-	-
3	a	a	DT	DT	-	4	NMOD	-	-
4	treaty	treaty	NN	NN	-	2	PMOD	-	-
5	on	on	IN	IN	-	4	NMOD	-	-
6	intermediate	intermediate	NNP	NNP	-	8	NMOD	-	-
7	nuclear	nuclear	NNP	NNP	-	8	NMOD	-	-
8	forces	forces	NNP	NNP	-	5	PMOD	-	-
9	in	in	IN	IN	-	4	NMOD	-	-
10	place	place	NN	NN	-	12	NMOD	-	-
11	and	and	CC	CC	-	12	NMOD	-	-
12	agreements	agreements	NNS	NNS	-	9	PMOD	-	-
13	for	for	IN	IN	-	12	NMOD	-	-
14	drastic	drastic	JJ	JJ	-	15	NMOD	-	-
15	reductions	reductions	NNS	NNS	-	13	PMOD	-	-
16	in	in	IN	IN	-	15	NMOD	-	-
17	strategic	strategic	JJ	JJ	-	19	AMOD	-	-
18	and	and	CC	CC	-	19	AMOD	-	-
19	conventional	conventional	JJ	JJ	-	20	NMOD	-	-
20	forces	forces	NNS	NNS	-	16	PMOD	-	-
21	in	in	IN	IN	-	20	NMOD	-	-
22	the	the	DT	DT	-	23	NMOD	-	-
23	offing	offing	NN	NN	-	21	PMOD	-	-
24	,	,	,	,	-	26	P	-	-
25	we	we	PRP	PRP	-	26	SUB	-	-
26	can	can	MD	MD	-	0	ROOT	-	-
27	see	see	VB	VB	-	26	VC	-	-
28	the	the	DT	DT	-	29	NMOD	-	-
29	hands	hands	NNS	NNS	-	27	OBJ	-	-
30	of	of	IN	IN	-	29	NMOD	-	-
31	that	that	DT	DT	-	32	NMOD	-	-
32	clock	clock	NN	NN	-	30	PMOD	-	-
33	being	being	VBG	VBG	-	27	VMOD	-	-
34	set	set	VBN	VBN	-	33	VC	-	-
35	further	further	RB	RB	-	34	VMOD	-	-
36	back	back	RB	RB	-	35	AMOD	-	-
37	.	.	.	.	-	26	P	-	-

1	we	we	PRP	PRP	-	6	SUB	-	-
2	in	in	IN	IN	-	6	VMOD	-	-
3	the	the	DT	DT	-	5	NMOD	-	-
4	united	united	NNP	NNP	-	5	NMOD	-	-
5	states	states	NNPS	NNPS	-	2	PMOD	-	-
6	consider	consider	VBP	VBP	-	0	ROOT	-	-
7	the	the	DT	DT	-	9	NMOD	-	-
8	european	european	JJ	JJ	-	9	NMOD	-	-
9	democracies	democracies	NNS	NNS	-	11	SUB	-	-
10	to	to	TO	TO	-	11	VMOD	-	-
11	be	be	VB	VB	-	6	VMOD	-	-
12	our	our	PRP$	PRP$	-	15	NMOD	-	-
13	friends	friends	NNS	NNS	-	15	NMOD	-	-
14	and	and	CC	CC	-	15	NMOD	-	-
15	allies	allies	NNS	NNS	-	11	PRD	-	-
16	.	.	.	.	-	6	P	-	-

1	looking	looking	VBG	VBG	-	4	VMOD	-	-
2	ahead	ahead	RB	RB	-	1	VMOD	-	-
3	we	we	PRP	PRP	-	4	SUB	-	-
4	might	might	MD	MD	-	0	ROOT	-	-
5	ask	ask	VB	VB	-	4	VC	-	-
6	whether	whether	IN	IN	-	25	DEP	-	-
7	democratic	democratic	JJ	JJ	-	8	NMOD	-	-
8	nations	nations	NNS	NNS	-	6	PMOD	-	-
9	in	in	IN	IN	-	25	DEP	-	-
10	eastern	eastern	NNP	NNP	-	11	NMOD	-	-
11	europe	europe	NNP	NNP	-	15	NMOD	-	-
12	and	and	CC	CC	-	15	NMOD	-	-
13	the	the	DT	DT	-	15	NMOD	-	-
14	soviet	soviet	NNP	NNP	-	15	NMOD	-	-
15	union	union	NNP	NNP	-	16	SUB	-	-
16	might	might	MD	MD	-	9	PMOD	-	-
17	also	also	RB	RB	-	16	VMOD	-	-
18	be	be	VB	VB	-	16	VC	-	-
19	our	our	PRP$	PRP$	-	22	NMOD	-	-
20	friends	friends	NNS	NNS	-	22	NMOD	-	-
21	and	and	CC	CC	-	22	NMOD	-	-
22	allies	allies	NNS	NNS	-	18	PRD	-	-
23	,	,	,	,	-	25	P	-	-
24	and	and	CC	CC	-	25	DEP	-	-
25	if	if	IN	IN	-	5	VMOD	-	-
26	so	so	RB	RB	-	31	VMOD	-	-
27	,	,	,	,	-	31	P	-	-
28	for	for	IN	IN	-	31	VMOD	-	-
29	what	what	WP	WP	-	28	PMOD	-	-
30	threat	threat	NN	NN	-	29	NMOD	-	-
31	do	do	VBP	VBP	-	25	SBAR	-	-
32	we	we	PRP	PRP	-	33	SUB	-	-
33	need	need	VBP	VBP	-	31	VMOD	-	-
34	anything	anything	NN	NN	-	33	OBJ	-	-
35	comparable	comparable	JJ	JJ	-	34	NMOD	-	-
36	to	to	TO	TO	-	35	AMOD	-	-
37	our	our	PRP$	PRP$	-	39	NMOD	-	-
38	existing	existing	VBG	VBG	-	39	NMOD	-	-
39	level	level	NN	NN	-	36	PMOD	-	-
40	of	of	IN	IN	-	39	NMOD	-	-
41	armaments	armaments	NNS	NNS	-	40	PMOD	-	-
42	?	?	.	.	-	4	P	-	-

1	a	a	DT	DT	-	4	NMOD	-	-
2	more	more	JJR	JJR	-	4	NMOD	-	-
3	peaceful	peaceful	JJ	JJ	-	4	NMOD	-	-
4	world	world	NN	NN	-	5	SUB	-	-
5	does	does	VBZ	VBZ	-	0	ROOT	-	-
6	not	not	RB	RB	-	5	VMOD	-	-
7	translate	translate	VB	VB	-	5	VC	-	-
8	into	into	IN	IN	-	7	VMOD	-	-
9	a	a	DT	DT	-	11	NMOD	-	-
10	problem-free	problem-free	JJ	JJ	-	11	NMOD	-	-
11	world	world	NN	NN	-	8	PMOD	-	-
12	.	.	.	.	-	5	P	-	-

1	indeed	indeed	RB	RB	-	12	VMOD	-	-
2	,	,	,	,	-	12	P	-	-
3	as	as	IN	IN	-	12	VMOD	-	-
4	the	the	DT	DT	-	5	NMOD	-	-
5	threat	threat	NN	NN	-	3	PMOD	-	-
6	of	of	IN	IN	-	5	NMOD	-	-
7	nuclear	nuclear	JJ	JJ	-	9	NMOD	-	-
8	incineration	incineration	NN	NN	-	9	NMOD	-	-
9	recedes	recedes	NNS	NNS	-	6	PMOD	-	-
10	,	,	,	,	-	12	P	-	-
11	we	we	PRP	PRP	-	12	SUB	-	-
12	can	can	MD	MD	-	0	ROOT	-	-
13	see	see	VB	VB	-	12	VC