1	this	this	DT	DT	-	2	SUB	-	-
2	is	is	VBZ	VBZ	-	0	ROOT	-	-
3	a	a	DT	DT	-	4	NMOD	-	-
4	test	test	NN	NN	-	2	PRD	-	-
5	for	for	IN	IN	-	4	NMOD	-	-
6	semafor	semafor	NNP	NNP	-	10	NMOD	-	-
7	,	,	,	,	-	10	P	-	-
8	a	a	DT	DT	-	10	NMOD	-	-
9	frame-semantic	frame-semantic	JJ	JJ	-	10	NMOD	-	-
10	parser	parser	NN	NN	-	5	PMOD	-	-
11	.	.	.	.	-	2	P	-	-

1	this	this	DT	DT	-	2	SUB	-	-
2	is	is	VBZ	VBZ	-	0	ROOT	-	-
3	just	just	RB	RB	-	6	NMOD	-	-
4	a	a	DT	DT	-	6	NMOD	-	-
5	dummy	dummy	JJ	JJ	-	6	NMOD	-	-
6	line	line	NN	NN	-	2	PRD	-	-
7	.	.	.	.	-	2	P	-	-

1	there	there	EX	EX	-	2	SUB	-	-
2	's	's	VBZ	VBZ	-	0	ROOT	-	-
3	a	a	DT	DT	-	5	NMOD	-	-
4	santa	santa	NNP	NNP	-	5	NMOD	-	-
5	claus	claus	NNP	NNP	-	2	PRD	-	-
6	!	!	.	.	-	2	P	-	-

